{"/Users/rib_pan/workspace/verify/corona-web-sdk/src/config.js": {"path":"/Users/rib_pan/workspace/verify/corona-web-sdk/src/config.js","statementMap":{"0":{"start":{"line":8,"column":15},"end":{"line":15,"column":1}}},"fnMap":{},"branchMap":{},"s":{"0":2},"f":{},"b":{},"_coverageSchema":"332fd63041d2c1bcb487cc26dd0d5f7d97098a6c","hash":"1a7e7227c0df0d48790d69a834a247ce4326ec48"}
,"/Users/rib_pan/workspace/verify/corona-web-sdk/src/console.js": {"path":"/Users/rib_pan/workspace/verify/corona-web-sdk/src/console.js","statementMap":{"0":{"start":{"line":9,"column":26},"end":{"line":47,"column":1}},"1":{"start":{"line":10,"column":33},"end":{"line":10,"column":47}},"2":{"start":{"line":11,"column":28},"end":{"line":11,"column":35}},"3":{"start":{"line":13,"column":4},"end":{"line":15,"column":5}},"4":{"start":{"line":14,"column":8},"end":{"line":14,"column":15}},"5":{"start":{"line":17,"column":24},"end":{"line":17,"column":60}},"6":{"start":{"line":20,"column":4},"end":{"line":46,"column":6}},"7":{"start":{"line":21,"column":18},"end":{"line":21,"column":43}},"8":{"start":{"line":22,"column":21},"end":{"line":28,"column":9}},"9":{"start":{"line":30,"column":8},"end":{"line":39,"column":9}},"10":{"start":{"line":31,"column":12},"end":{"line":36,"column":13}},"11":{"start":{"line":33,"column":16},"end":{"line":33,"column":103}},"12":{"start":{"line":34,"column":16},"end":{"line":34,"column":53}},"13":{"start":{"line":35,"column":16},"end":{"line":35,"column":48}},"14":{"start":{"line":38,"column":12},"end":{"line":38,"column":44}},"15":{"start":{"line":41,"column":8},"end":{"line":45,"column":9}},"16":{"start":{"line":44,"column":12},"end":{"line":44,"column":87}}},"fnMap":{"0":{"name":"(anonymous_0)","decl":{"start":{"line":9,"column":26},"end":{"line":9,"column":27}},"loc":{"start":{"line":9,"column":56},"end":{"line":47,"column":1}},"line":9},"1":{"name":"(anonymous_1)","decl":{"start":{"line":20,"column":21},"end":{"line":20,"column":22}},"loc":{"start":{"line":20,"column":34},"end":{"line":46,"column":5}},"line":20}},"branchMap":{"0":{"loc":{"start":{"line":13,"column":4},"end":{"line":15,"column":5}},"type":"if","locations":[{"start":{"line":13,"column":4},"end":{"line":15,"column":5}},{"start":{"line":13,"column":4},"end":{"line":15,"column":5}}],"line":13},"1":{"loc":{"start":{"line":17,"column":24},"end":{"line":17,"column":60}},"type":"cond-expr","locations":[{"start":{"line":17,"column":43},"end":{"line":17,"column":52}},{"start":{"line":17,"column":55},"end":{"line":17,"column":60}}],"line":17},"2":{"loc":{"start":{"line":30,"column":8},"end":{"line":39,"column":9}},"type":"if","locations":[{"start":{"line":30,"column":8},"end":{"line":39,"column":9}},{"start":{"line":30,"column":8},"end":{"line":39,"column":9}}],"line":30},"3":{"loc":{"start":{"line":31,"column":12},"end":{"line":36,"column":13}},"type":"if","locations":[{"start":{"line":31,"column":12},"end":{"line":36,"column":13}},{"start":{"line":31,"column":12},"end":{"line":36,"column":13}}],"line":31},"4":{"loc":{"start":{"line":33,"column":45},"end":{"line":33,"column":99}},"type":"binary-expr","locations":[{"start":{"line":33,"column":45},"end":{"line":33,"column":79}},{"start":{"line":33,"column":83},"end":{"line":33,"column":99}}],"line":33},"5":{"loc":{"start":{"line":35,"column":16},"end":{"line":35,"column":47}},"type":"binary-expr","locations":[{"start":{"line":35,"column":16},"end":{"line":35,"column":24}},{"start":{"line":35,"column":28},"end":{"line":35,"column":47}}],"line":35},"6":{"loc":{"start":{"line":38,"column":12},"end":{"line":38,"column":43}},"type":"binary-expr","locations":[{"start":{"line":38,"column":12},"end":{"line":38,"column":20}},{"start":{"line":38,"column":24},"end":{"line":38,"column":43}}],"line":38},"7":{"loc":{"start":{"line":41,"column":8},"end":{"line":45,"column":9}},"type":"if","locations":[{"start":{"line":41,"column":8},"end":{"line":45,"column":9}},{"start":{"line":41,"column":8},"end":{"line":45,"column":9}}],"line":41}},"s":{"0":3,"1":28,"2":28,"3":28,"4":1,"5":27,"6":27,"7":3,"8":3,"9":3,"10":1,"11":1,"12":1,"13":1,"14":2,"15":1,"16":1},"f":{"0":28,"1":3},"b":{"0":[1,27],"1":[9,18],"2":[1,2],"3":[1,0],"4":[1,1],"5":[1,1],"6":[2,2],"7":[1,0]},"_coverageSchema":"332fd63041d2c1bcb487cc26dd0d5f7d97098a6c","hash":"4078f0ec9ade9440d9d5990bae016e5478675f8b"}
,"/Users/rib_pan/workspace/verify/corona-web-sdk/src/core.js": {"path":"/Users/rib_pan/workspace/verify/corona-web-sdk/src/core.js","statementMap":{"0":{"start":{"line":12,"column":16},"end":{"line":12,"column":29}},"1":{"start":{"line":13,"column":21},"end":{"line":13,"column":39}},"2":{"start":{"line":14,"column":20},"end":{"line":14,"column":37}},"3":{"start":{"line":15,"column":19},"end":{"line":15,"column":35}},"4":{"start":{"line":16,"column":17},"end":{"line":16,"column":31}},"5":{"start":{"line":17,"column":13},"end":{"line":17,"column":23}},"6":{"start":{"line":18,"column":20},"end":{"line":18,"column":37}},"7":{"start":{"line":19,"column":15},"end":{"line":19,"column":27}},"8":{"start":{"line":20,"column":19},"end":{"line":20,"column":35}},"9":{"start":{"line":21,"column":25},"end":{"line":21,"column":47}},"10":{"start":{"line":22,"column":17},"end":{"line":22,"column":31}},"11":{"start":{"line":23,"column":13},"end":{"line":23,"column":23}},"12":{"start":{"line":24,"column":22},"end":{"line":24,"column":41}},"13":{"start":{"line":25,"column":19},"end":{"line":25,"column":35}},"14":{"start":{"line":26,"column":21},"end":{"line":26,"column":39}},"15":{"start":{"line":27,"column":18},"end":{"line":27,"column":33}},"16":{"start":{"line":28,"column":19},"end":{"line":28,"column":35}},"17":{"start":{"line":29,"column":19},"end":{"line":29,"column":35}},"18":{"start":{"line":32,"column":12},"end":{"line":32,"column":29}},"19":{"start":{"line":32,"column":18},"end":{"line":32,"column":29}},"20":{"start":{"line":34,"column":18},"end":{"line":34,"column":33}},"21":{"start":{"line":35,"column":19},"end":{"line":35,"column":35}},"22":{"start":{"line":40,"column":15},"end":{"line":40,"column":27}},"23":{"start":{"line":41,"column":16},"end":{"line":41,"column":41}},"24":{"start":{"line":42,"column":23},"end":{"line":42,"column":118}},"25":{"start":{"line":45,"column":21},"end":{"line":71,"column":1}},"26":{"start":{"line":46,"column":4},"end":{"line":48,"column":5}},"27":{"start":{"line":47,"column":8},"end":{"line":47,"column":77}},"28":{"start":{"line":50,"column":4},"end":{"line":52,"column":5}},"29":{"start":{"line":51,"column":8},"end":{"line":51,"column":80}},"30":{"start":{"line":54,"column":4},"end":{"line":56,"column":5}},"31":{"start":{"line":55,"column":8},"end":{"line":55,"column":81}},"32":{"start":{"line":58,"column":4},"end":{"line":60,"column":5}},"33":{"start":{"line":59,"column":8},"end":{"line":59,"column":83}},"34":{"start":{"line":62,"column":4},"end":{"line":64,"column":5}},"35":{"start":{"line":63,"column":8},"end":{"line":63,"column":78}},"36":{"start":{"line":66,"column":4},"end":{"line":68,"column":5}},"37":{"start":{"line":67,"column":8},"end":{"line":67,"column":77}},"38":{"start":{"line":70,"column":4},"end":{"line":70,"column":80}},"39":{"start":{"line":78,"column":8},"end":{"line":78,"column":52}},"40":{"start":{"line":79,"column":8},"end":{"line":79,"column":54}},"41":{"start":{"line":80,"column":8},"end":{"line":80,"column":30}},"42":{"start":{"line":81,"column":8},"end":{"line":81,"column":34}},"43":{"start":{"line":82,"column":8},"end":{"line":82,"column":31}},"44":{"start":{"line":83,"column":8},"end":{"line":83,"column":33}},"45":{"start":{"line":84,"column":8},"end":{"line":84,"column":30}},"46":{"start":{"line":85,"column":8},"end":{"line":93,"column":10}},"47":{"start":{"line":94,"column":8},"end":{"line":94,"column":71}},"48":{"start":{"line":95,"column":8},"end":{"line":103,"column":10}},"49":{"start":{"line":104,"column":8},"end":{"line":104,"column":32}},"50":{"start":{"line":105,"column":8},"end":{"line":105,"column":40}},"51":{"start":{"line":106,"column":8},"end":{"line":106,"column":28}},"52":{"start":{"line":109,"column":8},"end":{"line":109,"column":53}},"53":{"start":{"line":110,"column":8},"end":{"line":110,"column":42}},"54":{"start":{"line":111,"column":8},"end":{"line":111,"column":32}},"55":{"start":{"line":112,"column":8},"end":{"line":112,"column":35}},"56":{"start":{"line":113,"column":8},"end":{"line":113,"column":31}},"57":{"start":{"line":114,"column":8},"end":{"line":114,"column":39}},"58":{"start":{"line":115,"column":8},"end":{"line":115,"column":41}},"59":{"start":{"line":116,"column":8},"end":{"line":116,"column":63}},"60":{"start":{"line":117,"column":8},"end":{"line":126,"column":10}},"61":{"start":{"line":127,"column":8},"end":{"line":135,"column":10}},"62":{"start":{"line":138,"column":8},"end":{"line":140,"column":9}},"63":{"start":{"line":139,"column":12},"end":{"line":139,"column":81}},"64":{"start":{"line":151,"column":21},"end":{"line":151,"column":25}},"65":{"start":{"line":153,"column":8},"end":{"line":155,"column":9}},"66":{"start":{"line":154,"column":12},"end":{"line":154,"column":24}},"67":{"start":{"line":156,"column":8},"end":{"line":158,"column":9}},"68":{"start":{"line":157,"column":12},"end":{"line":157,"column":24}},"69":{"start":{"line":160,"column":30},"end":{"line":160,"column":49}},"70":{"start":{"line":163,"column":8},"end":{"line":167,"column":9}},"71":{"start":{"line":164,"column":12},"end":{"line":166,"column":15}},"72":{"start":{"line":165,"column":16},"end":{"line":165,"column":43}},"73":{"start":{"line":169,"column":8},"end":{"line":169,"column":44}},"74":{"start":{"line":173,"column":8},"end":{"line":173,"column":61}},"75":{"start":{"line":174,"column":8},"end":{"line":174,"column":89}},"76":{"start":{"line":177,"column":8},"end":{"line":177,"column":76}},"77":{"start":{"line":178,"column":8},"end":{"line":181,"column":10}},"78":{"start":{"line":183,"column":39},"end":{"line":189,"column":9}},"79":{"start":{"line":191,"column":30},"end":{"line":191,"column":59}},"80":{"start":{"line":192,"column":8},"end":{"line":198,"column":9}},"81":{"start":{"line":193,"column":12},"end":{"line":193,"column":36}},"82":{"start":{"line":194,"column":15},"end":{"line":198,"column":9}},"83":{"start":{"line":195,"column":12},"end":{"line":195,"column":83}},"84":{"start":{"line":196,"column":15},"end":{"line":198,"column":9}},"85":{"start":{"line":197,"column":12},"end":{"line":197,"column":53}},"86":{"start":{"line":199,"column":8},"end":{"line":199,"column":56}},"87":{"start":{"line":201,"column":35},"end":{"line":203,"column":9}},"88":{"start":{"line":205,"column":25},"end":{"line":205,"column":49}},"89":{"start":{"line":206,"column":8},"end":{"line":210,"column":9}},"90":{"start":{"line":207,"column":12},"end":{"line":207,"column":69}},"91":{"start":{"line":208,"column":15},"end":{"line":210,"column":9}},"92":{"start":{"line":209,"column":12},"end":{"line":209,"column":44}},"93":{"start":{"line":211,"column":8},"end":{"line":211,"column":46}},"94":{"start":{"line":214,"column":8},"end":{"line":214,"column":20}},"95":{"start":{"line":225,"column":21},"end":{"line":225,"column":25}},"96":{"start":{"line":226,"column":8},"end":{"line":241,"column":9}},"97":{"start":{"line":230,"column":12},"end":{"line":230,"column":42}},"98":{"start":{"line":232,"column":12},"end":{"line":234,"column":13}},"99":{"start":{"line":233,"column":16},"end":{"line":233,"column":43}},"100":{"start":{"line":236,"column":12},"end":{"line":238,"column":13}},"101":{"start":{"line":237,"column":16},"end":{"line":237,"column":46}},"102":{"start":{"line":240,"column":12},"end":{"line":240,"column":43}},"103":{"start":{"line":243,"column":8},"end":{"line":243,"column":20}},"104":{"start":{"line":252,"column":8},"end":{"line":252,"column":32}},"105":{"start":{"line":253,"column":8},"end":{"line":253,"column":28}},"106":{"start":{"line":254,"column":8},"end":{"line":254,"column":28}},"107":{"start":{"line":256,"column":8},"end":{"line":256,"column":34}},"108":{"start":{"line":257,"column":8},"end":{"line":257,"column":73}},"109":{"start":{"line":267,"column":8},"end":{"line":267,"column":40}},"110":{"start":{"line":269,"column":8},"end":{"line":269,"column":20}},"111":{"start":{"line":279,"column":8},"end":{"line":279,"column":32}},"112":{"start":{"line":281,"column":8},"end":{"line":281,"column":20}},"113":{"start":{"line":291,"column":8},"end":{"line":291,"column":41}},"114":{"start":{"line":293,"column":8},"end":{"line":293,"column":20}},"115":{"start":{"line":303,"column":8},"end":{"line":303,"column":33}},"116":{"start":{"line":305,"column":8},"end":{"line":305,"column":20}},"117":{"start":{"line":317,"column":21},"end":{"line":317,"column":25}},"118":{"start":{"line":321,"column":8},"end":{"line":323,"column":9}},"119":{"start":{"line":322,"column":12},"end":{"line":322,"column":27}},"120":{"start":{"line":326,"column":8},"end":{"line":329,"column":9}},"121":{"start":{"line":327,"column":12},"end":{"line":327,"column":27}},"122":{"start":{"line":328,"column":12},"end":{"line":328,"column":32}},"123":{"start":{"line":333,"column":8},"end":{"line":335,"column":9}},"124":{"start":{"line":334,"column":12},"end":{"line":334,"column":24}},"125":{"start":{"line":338,"column":8},"end":{"line":352,"column":9}},"126":{"start":{"line":339,"column":12},"end":{"line":341,"column":13}},"127":{"start":{"line":340,"column":16},"end":{"line":340,"column":28}},"128":{"start":{"line":344,"column":12},"end":{"line":346,"column":13}},"129":{"start":{"line":345,"column":16},"end":{"line":345,"column":47}},"130":{"start":{"line":351,"column":12},"end":{"line":351,"column":24}},"131":{"start":{"line":355,"column":25},"end":{"line":355,"column":27}},"132":{"start":{"line":356,"column":20},"end":{"line":356,"column":33}},"133":{"start":{"line":357,"column":25},"end":{"line":357,"column":72}},"134":{"start":{"line":359,"column":12},"end":{"line":361,"column":13}},"135":{"start":{"line":360,"column":16},"end":{"line":360,"column":44}},"136":{"start":{"line":365,"column":12},"end":{"line":367,"column":13}},"137":{"start":{"line":366,"column":16},"end":{"line":366,"column":75}},"138":{"start":{"line":369,"column":12},"end":{"line":380,"column":13}},"139":{"start":{"line":374,"column":16},"end":{"line":374,"column":46}},"140":{"start":{"line":376,"column":16},"end":{"line":376,"column":42}},"141":{"start":{"line":377,"column":16},"end":{"line":377,"column":50}},"142":{"start":{"line":378,"column":16},"end":{"line":378,"column":46}},"143":{"start":{"line":379,"column":16},"end":{"line":379,"column":24}},"144":{"start":{"line":384,"column":8},"end":{"line":388,"column":9}},"145":{"start":{"line":385,"column":12},"end":{"line":387,"column":13}},"146":{"start":{"line":386,"column":16},"end":{"line":386,"column":51}},"147":{"start":{"line":389,"column":8},"end":{"line":389,"column":43}},"148":{"start":{"line":391,"column":8},"end":{"line":391,"column":42}},"149":{"start":{"line":394,"column":8},"end":{"line":394,"column":34}},"150":{"start":{"line":395,"column":8},"end":{"line":395,"column":32}},"151":{"start":{"line":397,"column":8},"end":{"line":397,"column":23}},"152":{"start":{"line":409,"column":8},"end":{"line":409,"column":49}},"153":{"start":{"line":411,"column":27},"end":{"line":411,"column":39}},"154":{"start":{"line":412,"column":32},"end":{"line":412,"column":49}},"155":{"start":{"line":413,"column":41},"end":{"line":413,"column":70}},"156":{"start":{"line":415,"column":8},"end":{"line":424,"column":9}},"157":{"start":{"line":416,"column":12},"end":{"line":423,"column":14}},"158":{"start":{"line":427,"column":8},"end":{"line":429,"column":9}},"159":{"start":{"line":428,"column":12},"end":{"line":428,"column":26}},"160":{"start":{"line":432,"column":22},"end":{"line":432,"column":52}},"161":{"start":{"line":433,"column":8},"end":{"line":439,"column":9}},"162":{"start":{"line":434,"column":12},"end":{"line":434,"column":69}},"163":{"start":{"line":435,"column":15},"end":{"line":439,"column":9}},"164":{"start":{"line":436,"column":12},"end":{"line":436,"column":38}},"165":{"start":{"line":437,"column":15},"end":{"line":439,"column":9}},"166":{"start":{"line":438,"column":12},"end":{"line":438,"column":42}},"167":{"start":{"line":441,"column":8},"end":{"line":441,"column":55}},"168":{"start":{"line":442,"column":8},"end":{"line":442,"column":44}},"169":{"start":{"line":444,"column":25},"end":{"line":446,"column":45}},"170":{"start":{"line":447,"column":8},"end":{"line":447,"column":73}},"171":{"start":{"line":448,"column":8},"end":{"line":448,"column":44}},"172":{"start":{"line":449,"column":8},"end":{"line":449,"column":34}},"173":{"start":{"line":451,"column":8},"end":{"line":451,"column":20}},"174":{"start":{"line":466,"column":8},"end":{"line":471,"column":9}},"175":{"start":{"line":470,"column":12},"end":{"line":470,"column":24}},"176":{"start":{"line":473,"column":8},"end":{"line":473,"column":32}},"177":{"start":{"line":474,"column":24},"end":{"line":476,"column":9}},"178":{"start":{"line":478,"column":8},"end":{"line":484,"column":9}},"179":{"start":{"line":479,"column":12},"end":{"line":479,"column":71}},"180":{"start":{"line":480,"column":15},"end":{"line":484,"column":9}},"181":{"start":{"line":481,"column":12},"end":{"line":481,"column":40}},"182":{"start":{"line":482,"column":15},"end":{"line":484,"column":9}},"183":{"start":{"line":483,"column":12},"end":{"line":483,"column":44}},"184":{"start":{"line":486,"column":8},"end":{"line":488,"column":9}},"185":{"start":{"line":487,"column":12},"end":{"line":487,"column":32}},"186":{"start":{"line":490,"column":8},"end":{"line":490,"column":57}},"187":{"start":{"line":491,"column":8},"end":{"line":491,"column":61}},"188":{"start":{"line":493,"column":25},"end":{"line":495,"column":45}},"189":{"start":{"line":496,"column":8},"end":{"line":496,"column":73}},"190":{"start":{"line":497,"column":8},"end":{"line":497,"column":44}},"191":{"start":{"line":499,"column":8},"end":{"line":499,"column":21}},"192":{"start":{"line":501,"column":8},"end":{"line":501,"column":20}},"193":{"start":{"line":505,"column":22},"end":{"line":507,"column":15}},"194":{"start":{"line":509,"column":8},"end":{"line":509,"column":38}},"195":{"start":{"line":510,"column":8},"end":{"line":512,"column":9}},"196":{"start":{"line":511,"column":12},"end":{"line":511,"column":38}},"197":{"start":{"line":514,"column":8},"end":{"line":514,"column":20}},"198":{"start":{"line":523,"column":8},"end":{"line":528,"column":9}},"199":{"start":{"line":524,"column":12},"end":{"line":526,"column":13}},"200":{"start":{"line":525,"column":16},"end":{"line":525,"column":53}},"201":{"start":{"line":527,"column":12},"end":{"line":527,"column":25}},"202":{"start":{"line":529,"column":8},"end":{"line":529,"column":20}},"203":{"start":{"line":536,"column":21},"end":{"line":536,"column":25}},"204":{"start":{"line":537,"column":8},"end":{"line":537,"column":33}},"205":{"start":{"line":538,"column":8},"end":{"line":541,"column":11}},"206":{"start":{"line":540,"column":12},"end":{"line":540,"column":37}},"207":{"start":{"line":551,"column":21},"end":{"line":551,"column":25}},"208":{"start":{"line":552,"column":8},"end":{"line":577,"column":10}},"209":{"start":{"line":556,"column":12},"end":{"line":558,"column":13}},"210":{"start":{"line":557,"column":16},"end":{"line":557,"column":23}},"211":{"start":{"line":560,"column":12},"end":{"line":560,"column":42}},"212":{"start":{"line":567,"column":12},"end":{"line":571,"column":13}},"213":{"start":{"line":568,"column":16},"end":{"line":568,"column":54}},"214":{"start":{"line":570,"column":16},"end":{"line":570,"column":37}},"215":{"start":{"line":573,"column":12},"end":{"line":576,"column":15}},"216":{"start":{"line":587,"column":26},"end":{"line":587,"column":55}},"217":{"start":{"line":588,"column":25},"end":{"line":588,"column":37}},"218":{"start":{"line":589,"column":27},"end":{"line":589,"column":41}},"219":{"start":{"line":594,"column":8},"end":{"line":594,"column":28}},"220":{"start":{"line":598,"column":8},"end":{"line":600,"column":9}},"221":{"start":{"line":599,"column":12},"end":{"line":599,"column":35}},"222":{"start":{"line":601,"column":8},"end":{"line":603,"column":9}},"223":{"start":{"line":602,"column":12},"end":{"line":602,"column":39}},"224":{"start":{"line":605,"column":8},"end":{"line":611,"column":11}},"225":{"start":{"line":615,"column":21},"end":{"line":615,"column":25}},"226":{"start":{"line":616,"column":8},"end":{"line":616,"column":69}},"227":{"start":{"line":618,"column":8},"end":{"line":623,"column":10}},"228":{"start":{"line":619,"column":12},"end":{"line":621,"column":13}},"229":{"start":{"line":620,"column":16},"end":{"line":620,"column":81}},"230":{"start":{"line":622,"column":12},"end":{"line":622,"column":68}},"231":{"start":{"line":631,"column":21},"end":{"line":631,"column":25}},"232":{"start":{"line":633,"column":32},"end":{"line":633,"column":53}},"233":{"start":{"line":636,"column":12},"end":{"line":650,"column":14}},"234":{"start":{"line":640,"column":29},"end":{"line":640,"column":56}},"235":{"start":{"line":641,"column":16},"end":{"line":643,"column":17}},"236":{"start":{"line":642,"column":20},"end":{"line":642,"column":43}},"237":{"start":{"line":644,"column":41},"end":{"line":644,"column":48}},"238":{"start":{"line":645,"column":16},"end":{"line":647,"column":17}},"239":{"start":{"line":646,"column":20},"end":{"line":646,"column":58}},"240":{"start":{"line":649,"column":16},"end":{"line":649,"column":46}},"241":{"start":{"line":653,"column":32},"end":{"line":653,"column":67}},"242":{"start":{"line":656,"column":26},"end":{"line":656,"column":68}},"243":{"start":{"line":657,"column":12},"end":{"line":729,"column":13}},"244":{"start":{"line":658,"column":16},"end":{"line":715,"column":18}},"245":{"start":{"line":661,"column":28},"end":{"line":713,"column":21}},"246":{"start":{"line":663,"column":24},"end":{"line":669,"column":25}},"247":{"start":{"line":664,"column":28},"end":{"line":666,"column":29}},"248":{"start":{"line":665,"column":32},"end":{"line":665,"column":75}},"249":{"start":{"line":676,"column":24},"end":{"line":705,"column":25}},"250":{"start":{"line":683,"column":28},"end":{"line":683,"column":81}},"251":{"start":{"line":684,"column":28},"end":{"line":704,"column":30}},"252":{"start":{"line":688,"column":32},"end":{"line":690,"column":33}},"253":{"start":{"line":689,"column":36},"end":{"line":689,"column":48}},"254":{"start":{"line":693,"column":32},"end":{"line":699,"column":33}},"255":{"start":{"line":694,"column":36},"end":{"line":694,"column":57}},"256":{"start":{"line":698,"column":36},"end":{"line":698,"column":48}},"257":{"start":{"line":700,"column":32},"end":{"line":702,"column":33}},"258":{"start":{"line":701,"column":36},"end":{"line":701,"column":61}},"259":{"start":{"line":703,"column":32},"end":{"line":703,"column":44}},"260":{"start":{"line":706,"column":24},"end":{"line":712,"column":26}},"261":{"start":{"line":716,"column":16},"end":{"line":728,"column":18}},"262":{"start":{"line":719,"column":28},"end":{"line":726,"column":21}},"263":{"start":{"line":720,"column":24},"end":{"line":724,"column":25}},"264":{"start":{"line":721,"column":28},"end":{"line":721,"column":92}},"265":{"start":{"line":725,"column":24},"end":{"line":725,"column":73}},"266":{"start":{"line":732,"column":8},"end":{"line":732,"column":64}},"267":{"start":{"line":733,"column":8},"end":{"line":733,"column":65}},"268":{"start":{"line":734,"column":8},"end":{"line":741,"column":9}},"269":{"start":{"line":735,"column":12},"end":{"line":740,"column":14}},"270":{"start":{"line":738,"column":24},"end":{"line":738,"column":49}},"271":{"start":{"line":738,"column":30},"end":{"line":738,"column":49}},"272":{"start":{"line":745,"column":29},"end":{"line":775,"column":9}},"273":{"start":{"line":776,"column":8},"end":{"line":778,"column":9}},"274":{"start":{"line":777,"column":12},"end":{"line":777,"column":45}},"275":{"start":{"line":791,"column":21},"end":{"line":791,"column":25}},"276":{"start":{"line":792,"column":32},"end":{"line":792,"column":67}},"277":{"start":{"line":794,"column":32},"end":{"line":794,"column":53}},"278":{"start":{"line":797,"column":12},"end":{"line":799,"column":13}},"279":{"start":{"line":798,"column":16},"end":{"line":798,"column":57}},"280":{"start":{"line":798,"column":40},"end":{"line":798,"column":55}},"281":{"start":{"line":802,"column":8},"end":{"line":869,"column":9}},"282":{"start":{"line":803,"column":29},"end":{"line":803,"column":53}},"283":{"start":{"line":804,"column":12},"end":{"line":821,"column":14}},"284":{"start":{"line":807,"column":28},"end":{"line":819,"column":17}},"285":{"start":{"line":810,"column":20},"end":{"line":816,"column":21}},"286":{"start":{"line":811,"column":24},"end":{"line":815,"column":26}},"287":{"start":{"line":818,"column":20},"end":{"line":818,"column":59}},"288":{"start":{"line":823,"column":12},"end":{"line":868,"column":14}},"289":{"start":{"line":826,"column":28},"end":{"line":866,"column":17}},"290":{"start":{"line":828,"column":32},"end":{"line":828,"column":36}},"291":{"start":{"line":831,"column":24},"end":{"line":845,"column":25}},"292":{"start":{"line":832,"column":28},"end":{"line":838,"column":29}},"293":{"start":{"line":835,"column":32},"end":{"line":835,"column":74}},"294":{"start":{"line":840,"column":28},"end":{"line":844,"column":31}},"295":{"start":{"line":848,"column":34},"end":{"line":848,"column":69}},"296":{"start":{"line":849,"column":20},"end":{"line":851,"column":21}},"297":{"start":{"line":850,"column":24},"end":{"line":850,"column":48}},"298":{"start":{"line":853,"column":20},"end":{"line":863,"column":21}},"299":{"start":{"line":854,"column":24},"end":{"line":858,"column":26}},"300":{"start":{"line":857,"column":36},"end":{"line":857,"column":89}},"301":{"start":{"line":862,"column":24},"end":{"line":862,"column":75}},"302":{"start":{"line":865,"column":20},"end":{"line":865,"column":59}},"303":{"start":{"line":871,"column":8},"end":{"line":928,"column":9}},"304":{"start":{"line":872,"column":12},"end":{"line":927,"column":14}},"305":{"start":{"line":875,"column":29},"end":{"line":925,"column":17}},"306":{"start":{"line":879,"column":33},"end":{"line":879,"column":60}},"307":{"start":{"line":880,"column":20},"end":{"line":882,"column":21}},"308":{"start":{"line":881,"column":24},"end":{"line":881,"column":47}},"309":{"start":{"line":884,"column":39},"end":{"line":884,"column":46}},"310":{"start":{"line":885,"column":33},"end":{"line":885,"column":38}},"311":{"start":{"line":888,"column":20},"end":{"line":897,"column":21}},"312":{"start":{"line":889,"column":24},"end":{"line":889,"column":41}},"313":{"start":{"line":890,"column":27},"end":{"line":897,"column":21}},"314":{"start":{"line":891,"column":24},"end":{"line":891,"column":45}},"315":{"start":{"line":892,"column":24},"end":{"line":894,"column":25}},"316":{"start":{"line":893,"column":28},"end":{"line":893,"column":55}},"317":{"start":{"line":896,"column":24},"end":{"line":896,"column":46}},"318":{"start":{"line":900,"column":20},"end":{"line":902,"column":21}},"319":{"start":{"line":901,"column":24},"end":{"line":901,"column":59}},"320":{"start":{"line":904,"column":20},"end":{"line":906,"column":21}},"321":{"start":{"line":905,"column":24},"end":{"line":905,"column":48}},"322":{"start":{"line":908,"column":38},"end":{"line":912,"column":21}},"323":{"start":{"line":914,"column":20},"end":{"line":924,"column":23}},"324":{"start":{"line":915,"column":24},"end":{"line":915,"column":64}},"325":{"start":{"line":917,"column":24},"end":{"line":921,"column":27}},"326":{"start":{"line":923,"column":24},"end":{"line":923,"column":40}},"327":{"start":{"line":932,"column":8},"end":{"line":934,"column":9}},"328":{"start":{"line":933,"column":12},"end":{"line":933,"column":94}},"329":{"start":{"line":940,"column":23},"end":{"line":940,"column":36}},"330":{"start":{"line":941,"column":36},"end":{"line":941,"column":78}},"331":{"start":{"line":942,"column":39},"end":{"line":945,"column":42}},"332":{"start":{"line":946,"column":8},"end":{"line":977,"column":9}},"333":{"start":{"line":948,"column":34},"end":{"line":948,"column":51}},"334":{"start":{"line":949,"column":12},"end":{"line":957,"column":14}},"335":{"start":{"line":950,"column":36},"end":{"line":950,"column":55}},"336":{"start":{"line":951,"column":16},"end":{"line":951,"column":68}},"337":{"start":{"line":953,"column":16},"end":{"line":955,"column":17}},"338":{"start":{"line":954,"column":20},"end":{"line":954,"column":59}},"339":{"start":{"line":956,"column":16},"end":{"line":956,"column":28}},"340":{"start":{"line":959,"column":47},"end":{"line":973,"column":13}},"341":{"start":{"line":962,"column":16},"end":{"line":972,"column":18}},"342":{"start":{"line":963,"column":32},"end":{"line":963,"column":79}},"343":{"start":{"line":966,"column":20},"end":{"line":969,"column":21}},"344":{"start":{"line":968,"column":24},"end":{"line":968,"column":73}},"345":{"start":{"line":971,"column":20},"end":{"line":971,"column":67}},"346":{"start":{"line":975,"column":12},"end":{"line":975,"column":91}},"347":{"start":{"line":976,"column":12},"end":{"line":976,"column":94}},"348":{"start":{"line":979,"column":8},"end":{"line":992,"column":9}},"349":{"start":{"line":981,"column":42},"end":{"line":987,"column":13}},"350":{"start":{"line":982,"column":16},"end":{"line":986,"column":19}},"351":{"start":{"line":989,"column":12},"end":{"line":991,"column":15}},"352":{"start":{"line":990,"column":16},"end":{"line":990,"column":66}},"353":{"start":{"line":997,"column":8},"end":{"line":999,"column":9}},"354":{"start":{"line":998,"column":12},"end":{"line":998,"column":40}},"355":{"start":{"line":1003,"column":8},"end":{"line":1006,"column":10}},"356":{"start":{"line":1011,"column":32},"end":{"line":1011,"column":75}},"357":{"start":{"line":1013,"column":8},"end":{"line":1019,"column":9}},"358":{"start":{"line":1018,"column":12},"end":{"line":1018,"column":19}},"359":{"start":{"line":1021,"column":8},"end":{"line":1021,"column":21}},"360":{"start":{"line":1026,"column":8},"end":{"line":1028,"column":9}},"361":{"start":{"line":1027,"column":12},"end":{"line":1027,"column":24}},"362":{"start":{"line":1029,"column":23},"end":{"line":1029,"column":25}},"363":{"start":{"line":1031,"column":8},"end":{"line":1035,"column":9}},"364":{"start":{"line":1032,"column":12},"end":{"line":1034,"column":14}},"365":{"start":{"line":1038,"column":8},"end":{"line":1040,"column":9}},"366":{"start":{"line":1039,"column":12},"end":{"line":1039,"column":48}},"367":{"start":{"line":1042,"column":8},"end":{"line":1044,"column":9}},"368":{"start":{"line":1043,"column":12},"end":{"line":1043,"column":50}},"369":{"start":{"line":1046,"column":8},"end":{"line":1046,"column":24}},"370":{"start":{"line":1059,"column":24},"end":{"line":1059,"column":44}},"371":{"start":{"line":1062,"column":21},"end":{"line":1062,"column":35}},"372":{"start":{"line":1063,"column":20},"end":{"line":1063,"column":38}},"373":{"start":{"line":1065,"column":8},"end":{"line":1067,"column":9}},"374":{"start":{"line":1066,"column":12},"end":{"line":1066,"column":24}},"375":{"start":{"line":1068,"column":8},"end":{"line":1068,"column":29}},"376":{"start":{"line":1070,"column":8},"end":{"line":1070,"column":21}},"377":{"start":{"line":1074,"column":19},"end":{"line":1074,"column":21}},"378":{"start":{"line":1075,"column":30},"end":{"line":1075,"column":49}},"379":{"start":{"line":1077,"column":25},"end":{"line":1077,"column":44}},"380":{"start":{"line":1079,"column":8},"end":{"line":1081,"column":9}},"381":{"start":{"line":1080,"column":12},"end":{"line":1080,"column":57}},"382":{"start":{"line":1083,"column":8},"end":{"line":1085,"column":9}},"383":{"start":{"line":1084,"column":12},"end":{"line":1084,"column":72}},"384":{"start":{"line":1087,"column":8},"end":{"line":1087,"column":46}},"385":{"start":{"line":1088,"column":8},"end":{"line":1088,"column":84}},"386":{"start":{"line":1089,"column":8},"end":{"line":1089,"column":39}},"387":{"start":{"line":1095,"column":8},"end":{"line":1095,"column":47}},"388":{"start":{"line":1099,"column":8},"end":{"line":1101,"column":9}},"389":{"start":{"line":1100,"column":12},"end":{"line":1100,"column":19}},"390":{"start":{"line":1102,"column":8},"end":{"line":1108,"column":9}},"391":{"start":{"line":1103,"column":12},"end":{"line":1105,"column":13}},"392":{"start":{"line":1104,"column":16},"end":{"line":1104,"column":49}},"393":{"start":{"line":1107,"column":12},"end":{"line":1107,"column":45}},"394":{"start":{"line":1112,"column":30},"end":{"line":1112,"column":49}},"395":{"start":{"line":1114,"column":8},"end":{"line":1116,"column":9}},"396":{"start":{"line":1115,"column":12},"end":{"line":1115,"column":19}},"397":{"start":{"line":1118,"column":20},"end":{"line":1118,"column":38}},"398":{"start":{"line":1120,"column":8},"end":{"line":1124,"column":11}},"399":{"start":{"line":1128,"column":18},"end":{"line":1128,"column":26}},"400":{"start":{"line":1130,"column":39},"end":{"line":1130,"column":41}},"401":{"start":{"line":1132,"column":8},"end":{"line":1134,"column":9}},"402":{"start":{"line":1133,"column":12},"end":{"line":1133,"column":88}},"403":{"start":{"line":1135,"column":25},"end":{"line":1135,"column":75}},"404":{"start":{"line":1137,"column":8},"end":{"line":1160,"column":9}},"405":{"start":{"line":1138,"column":12},"end":{"line":1138,"column":53}},"406":{"start":{"line":1140,"column":40},"end":{"line":1140,"column":76}},"407":{"start":{"line":1141,"column":33},"end":{"line":1141,"column":91}},"408":{"start":{"line":1143,"column":12},"end":{"line":1159,"column":19}},"409":{"start":{"line":1146,"column":20},"end":{"line":1154,"column":21}},"410":{"start":{"line":1147,"column":24},"end":{"line":1147,"column":59}},"411":{"start":{"line":1149,"column":38},"end":{"line":1149,"column":88}},"412":{"start":{"line":1152,"column":24},"end":{"line":1152,"column":49}},"413":{"start":{"line":1153,"column":24},"end":{"line":1153,"column":86}},"414":{"start":{"line":1157,"column":20},"end":{"line":1158,"column":111}},"415":{"start":{"line":1162,"column":22},"end":{"line":1162,"column":74}},"416":{"start":{"line":1163,"column":8},"end":{"line":1165,"column":9}},"417":{"start":{"line":1164,"column":12},"end":{"line":1164,"column":24}},"418":{"start":{"line":1167,"column":8},"end":{"line":1200,"column":9}},"419":{"start":{"line":1168,"column":12},"end":{"line":1180,"column":14}},"420":{"start":{"line":1169,"column":16},"end":{"line":1178,"column":17}},"421":{"start":{"line":1170,"column":20},"end":{"line":1170,"column":32}},"422":{"start":{"line":1171,"column":23},"end":{"line":1178,"column":17}},"423":{"start":{"line":1173,"column":20},"end":{"line":1173,"column":55}},"424":{"start":{"line":1174,"column":23},"end":{"line":1178,"column":17}},"425":{"start":{"line":1175,"column":32},"end":{"line":1175,"column":81}},"426":{"start":{"line":1176,"column":20},"end":{"line":1176,"column":42}},"427":{"start":{"line":1177,"column":20},"end":{"line":1177,"column":56}},"428":{"start":{"line":1179,"column":16},"end":{"line":1179,"column":28}},"429":{"start":{"line":1181,"column":12},"end":{"line":1181,"column":43}},"430":{"start":{"line":1184,"column":12},"end":{"line":1184,"column":50}},"431":{"start":{"line":1187,"column":12},"end":{"line":1187,"column":46}},"432":{"start":{"line":1190,"column":12},"end":{"line":1192,"column":13}},"433":{"start":{"line":1191,"column":16},"end":{"line":1191,"column":48}},"434":{"start":{"line":1193,"column":12},"end":{"line":1199,"column":13}},"435":{"start":{"line":1194,"column":16},"end":{"line":1198,"column":18}},"436":{"start":{"line":1195,"column":32},"end":{"line":1195,"column":78}},"437":{"start":{"line":1196,"column":20},"end":{"line":1196,"column":42}},"438":{"start":{"line":1197,"column":20},"end":{"line":1197,"column":56}},"439":{"start":{"line":1202,"column":8},"end":{"line":1202,"column":34}},"440":{"start":{"line":1203,"column":8},"end":{"line":1203,"column":75}},"441":{"start":{"line":1204,"column":8},"end":{"line":1204,"column":31}},"442":{"start":{"line":1205,"column":8},"end":{"line":1205,"column":20}},"443":{"start":{"line":1210,"column":26},"end":{"line":1210,"column":28}},"444":{"start":{"line":1212,"column":8},"end":{"line":1218,"column":9}},"445":{"start":{"line":1214,"column":12},"end":{"line":1217,"column":13}},"446":{"start":{"line":1215,"column":30},"end":{"line":1215,"column":39}},"447":{"start":{"line":1216,"column":16},"end":{"line":1216,"column":79}},"448":{"start":{"line":1220,"column":8},"end":{"line":1220,"column":25}}},"fnMap":{"0":{"name":"(anonymous_0)","decl":{"start":{"line":32,"column":12},"end":{"line":32,"column":13}},"loc":{"start":{"line":32,"column":18},"end":{"line":32,"column":29}},"line":32},"1":{"name":"(anonymous_1)","decl":{"start":{"line":45,"column":21},"end":{"line":45,"column":22}},"loc":{"start":{"line":45,"column":40},"end":{"line":71,"column":1}},"line":45},"2":{"name":"(anonymous_2)","decl":{"start":{"line":76,"column":4},"end":{"line":76,"column":5}},"loc":{"start":{"line":76,"column":18},"end":{"line":141,"column":5}},"line":76},"3":{"name":"(anonymous_3)","decl":{"start":{"line":150,"column":4},"end":{"line":150,"column":5}},"loc":{"start":{"line":150,"column":37},"end":{"line":215,"column":5}},"line":150},"4":{"name":"(anonymous_4)","decl":{"start":{"line":164,"column":26},"end":{"line":164,"column":27}},"loc":{"start":{"line":164,"column":42},"end":{"line":166,"column":13}},"line":164},"5":{"name":"(anonymous_5)","decl":{"start":{"line":224,"column":4},"end":{"line":224,"column":5}},"loc":{"start":{"line":224,"column":14},"end":{"line":244,"column":5}},"line":224},"6":{"name":"(anonymous_6)","decl":{"start":{"line":251,"column":4},"end":{"line":251,"column":5}},"loc":{"start":{"line":251,"column":35},"end":{"line":258,"column":5}},"line":251},"7":{"name":"(anonymous_7)","decl":{"start":{"line":266,"column":4},"end":{"line":266,"column":5}},"loc":{"start":{"line":266,"column":25},"end":{"line":270,"column":5}},"line":266},"8":{"name":"(anonymous_8)","decl":{"start":{"line":278,"column":4},"end":{"line":278,"column":5}},"loc":{"start":{"line":278,"column":25},"end":{"line":282,"column":5}},"line":278},"9":{"name":"(anonymous_9)","decl":{"start":{"line":290,"column":4},"end":{"line":290,"column":5}},"loc":{"start":{"line":290,"column":29},"end":{"line":294,"column":5}},"line":290},"10":{"name":"(anonymous_10)","decl":{"start":{"line":302,"column":4},"end":{"line":302,"column":5}},"loc":{"start":{"line":302,"column":21},"end":{"line":306,"column":5}},"line":302},"11":{"name":"(anonymous_11)","decl":{"start":{"line":316,"column":4},"end":{"line":316,"column":5}},"loc":{"start":{"line":316,"column":33},"end":{"line":398,"column":5}},"line":316},"12":{"name":"wrapped","decl":{"start":{"line":354,"column":17},"end":{"line":354,"column":24}},"loc":{"start":{"line":354,"column":36},"end":{"line":381,"column":9}},"line":354},"13":{"name":"(anonymous_13)","decl":{"start":{"line":408,"column":4},"end":{"line":408,"column":5}},"loc":{"start":{"line":408,"column":40},"end":{"line":452,"column":5}},"line":408},"14":{"name":"(anonymous_14)","decl":{"start":{"line":462,"column":4},"end":{"line":462,"column":5}},"loc":{"start":{"line":462,"column":39},"end":{"line":502,"column":5}},"line":462},"15":{"name":"(anonymous_15)","decl":{"start":{"line":504,"column":4},"end":{"line":504,"column":5}},"loc":{"start":{"line":504,"column":27},"end":{"line":515,"column":5}},"line":504},"16":{"name":"(anonymous_16)","decl":{"start":{"line":522,"column":4},"end":{"line":522,"column":5}},"loc":{"start":{"line":522,"column":14},"end":{"line":530,"column":5}},"line":522},"17":{"name":"(anonymous_17)","decl":{"start":{"line":535,"column":4},"end":{"line":535,"column":5}},"loc":{"start":{"line":535,"column":25},"end":{"line":542,"column":5}},"line":535},"18":{"name":"(anonymous_18)","decl":{"start":{"line":538,"column":19},"end":{"line":538,"column":20}},"loc":{"start":{"line":538,"column":25},"end":{"line":541,"column":9}},"line":538},"19":{"name":"(anonymous_19)","decl":{"start":{"line":550,"column":4},"end":{"line":550,"column":5}},"loc":{"start":{"line":550,"column":37},"end":{"line":578,"column":5}},"line":550},"20":{"name":"(anonymous_20)","decl":{"start":{"line":552,"column":15},"end":{"line":552,"column":16}},"loc":{"start":{"line":552,"column":30},"end":{"line":577,"column":9}},"line":552},"21":{"name":"(anonymous_21)","decl":{"start":{"line":586,"column":4},"end":{"line":586,"column":5}},"loc":{"start":{"line":586,"column":32},"end":{"line":612,"column":5}},"line":586},"22":{"name":"(anonymous_22)","decl":{"start":{"line":614,"column":4},"end":{"line":614,"column":5}},"loc":{"start":{"line":614,"column":29},"end":{"line":624,"column":5}},"line":614},"23":{"name":"(anonymous_23)","decl":{"start":{"line":618,"column":38},"end":{"line":618,"column":39}},"loc":{"start":{"line":618,"column":57},"end":{"line":623,"column":9}},"line":618},"24":{"name":"(anonymous_24)","decl":{"start":{"line":630,"column":4},"end":{"line":630,"column":5}},"loc":{"start":{"line":630,"column":26},"end":{"line":779,"column":5}},"line":630},"25":{"name":"wrapTimeFn","decl":{"start":{"line":635,"column":17},"end":{"line":635,"column":27}},"loc":{"start":{"line":635,"column":34},"end":{"line":651,"column":9}},"line":635},"26":{"name":"(anonymous_26)","decl":{"start":{"line":636,"column":19},"end":{"line":636,"column":20}},"loc":{"start":{"line":636,"column":36},"end":{"line":650,"column":13}},"line":636},"27":{"name":"wrapEventTarget","decl":{"start":{"line":655,"column":17},"end":{"line":655,"column":32}},"loc":{"start":{"line":655,"column":41},"end":{"line":730,"column":9}},"line":655},"28":{"name":"(anonymous_28)","decl":{"start":{"line":661,"column":20},"end":{"line":661,"column":21}},"loc":{"start":{"line":661,"column":28},"end":{"line":713,"column":21}},"line":661},"29":{"name":"(anonymous_29)","decl":{"start":{"line":661,"column":28},"end":{"line":661,"column":29}},"loc":{"start":{"line":661,"column":68},"end":{"line":713,"column":21}},"line":661},"30":{"name":"(anonymous_30)","decl":{"start":{"line":684,"column":37},"end":{"line":684,"column":38}},"loc":{"start":{"line":684,"column":52},"end":{"line":704,"column":29}},"line":684},"31":{"name":"(anonymous_31)","decl":{"start":{"line":719,"column":20},"end":{"line":719,"column":21}},"loc":{"start":{"line":719,"column":28},"end":{"line":726,"column":21}},"line":719},"32":{"name":"(anonymous_32)","decl":{"start":{"line":719,"column":28},"end":{"line":719,"column":29}},"loc":{"start":{"line":719,"column":64},"end":{"line":726,"column":21}},"line":719},"33":{"name":"(anonymous_33)","decl":{"start":{"line":738,"column":16},"end":{"line":738,"column":17}},"loc":{"start":{"line":738,"column":24},"end":{"line":738,"column":49}},"line":738},"34":{"name":"(anonymous_34)","decl":{"start":{"line":738,"column":24},"end":{"line":738,"column":25}},"loc":{"start":{"line":738,"column":30},"end":{"line":738,"column":49}},"line":738},"35":{"name":"(anonymous_35)","decl":{"start":{"line":790,"column":4},"end":{"line":790,"column":5}},"loc":{"start":{"line":790,"column":29},"end":{"line":993,"column":5}},"line":790},"36":{"name":"wrapProp","decl":{"start":{"line":796,"column":17},"end":{"line":796,"column":25}},"loc":{"start":{"line":796,"column":37},"end":{"line":800,"column":9}},"line":796},"37":{"name":"(anonymous_37)","decl":{"start":{"line":798,"column":32},"end":{"line":798,"column":33}},"loc":{"start":{"line":798,"column":40},"end":{"line":798,"column":55}},"line":798},"38":{"name":"(anonymous_38)","decl":{"start":{"line":807,"column":16},"end":{"line":807,"column":17}},"loc":{"start":{"line":807,"column":28},"end":{"line":819,"column":17}},"line":807},"39":{"name":"(anonymous_39)","decl":{"start":{"line":807,"column":28},"end":{"line":807,"column":29}},"loc":{"start":{"line":807,"column":51},"end":{"line":819,"column":17}},"line":807},"40":{"name":"(anonymous_40)","decl":{"start":{"line":826,"column":16},"end":{"line":826,"column":17}},"loc":{"start":{"line":826,"column":28},"end":{"line":866,"column":17}},"line":826},"41":{"name":"(anonymous_41)","decl":{"start":{"line":826,"column":28},"end":{"line":826,"column":29}},"loc":{"start":{"line":826,"column":40},"end":{"line":866,"column":17}},"line":826},"42":{"name":"onreadystatechangeHandler","decl":{"start":{"line":830,"column":29},"end":{"line":830,"column":54}},"loc":{"start":{"line":830,"column":57},"end":{"line":846,"column":21}},"line":830},"43":{"name":"(anonymous_43)","decl":{"start":{"line":857,"column":28},"end":{"line":857,"column":29}},"loc":{"start":{"line":857,"column":36},"end":{"line":857,"column":89}},"line":857},"44":{"name":"(anonymous_44)","decl":{"start":{"line":875,"column":16},"end":{"line":875,"column":17}},"loc":{"start":{"line":875,"column":29},"end":{"line":925,"column":17}},"line":875},"45":{"name":"(anonymous_45)","decl":{"start":{"line":875,"column":29},"end":{"line":875,"column":30}},"loc":{"start":{"line":875,"column":41},"end":{"line":925,"column":17}},"line":875},"46":{"name":"(anonymous_46)","decl":{"start":{"line":914,"column":60},"end":{"line":914,"column":61}},"loc":{"start":{"line":914,"column":74},"end":{"line":924,"column":21}},"line":914},"47":{"name":"(anonymous_47)","decl":{"start":{"line":949,"column":32},"end":{"line":949,"column":33}},"loc":{"start":{"line":949,"column":51},"end":{"line":957,"column":13}},"line":949},"48":{"name":"(anonymous_48)","decl":{"start":{"line":959,"column":47},"end":{"line":959,"column":48}},"loc":{"start":{"line":959,"column":75},"end":{"line":973,"column":13}},"line":959},"49":{"name":"(anonymous_49)","decl":{"start":{"line":962,"column":23},"end":{"line":962,"column":24}},"loc":{"start":{"line":962,"column":58},"end":{"line":972,"column":17}},"line":962},"50":{"name":"(anonymous_50)","decl":{"start":{"line":981,"column":42},"end":{"line":981,"column":43}},"loc":{"start":{"line":981,"column":63},"end":{"line":987,"column":13}},"line":981},"51":{"name":"(anonymous_51)","decl":{"start":{"line":989,"column":44},"end":{"line":989,"column":45}},"loc":{"start":{"line":989,"column":58},"end":{"line":991,"column":13}},"line":989},"52":{"name":"(anonymous_52)","decl":{"start":{"line":995,"column":4},"end":{"line":995,"column":5}},"loc":{"start":{"line":995,"column":37},"end":{"line":1000,"column":5}},"line":995},"53":{"name":"(anonymous_53)","decl":{"start":{"line":1002,"column":4},"end":{"line":1002,"column":5}},"loc":{"start":{"line":1002,"column":32},"end":{"line":1007,"column":5}},"line":1002},"54":{"name":"(anonymous_54)","decl":{"start":{"line":1010,"column":4},"end":{"line":1010,"column":5}},"loc":{"start":{"line":1010,"column":37},"end":{"line":1022,"column":5}},"line":1010},"55":{"name":"(anonymous_55)","decl":{"start":{"line":1025,"column":4},"end":{"line":1025,"column":5}},"loc":{"start":{"line":1025,"column":19},"end":{"line":1047,"column":5}},"line":1025},"56":{"name":"(anonymous_56)","decl":{"start":{"line":1058,"column":4},"end":{"line":1058,"column":5}},"loc":{"start":{"line":1058,"column":27},"end":{"line":1071,"column":5}},"line":1058},"57":{"name":"(anonymous_57)","decl":{"start":{"line":1073,"column":4},"end":{"line":1073,"column":5}},"loc":{"start":{"line":1073,"column":12},"end":{"line":1109,"column":5}},"line":1073},"58":{"name":"(anonymous_58)","decl":{"start":{"line":1111,"column":4},"end":{"line":1111,"column":5}},"loc":{"start":{"line":1111,"column":32},"end":{"line":1125,"column":5}},"line":1111},"59":{"name":"(anonymous_59)","decl":{"start":{"line":1127,"column":4},"end":{"line":1127,"column":5}},"loc":{"start":{"line":1127,"column":23},"end":{"line":1206,"column":5}},"line":1127},"60":{"name":"(anonymous_60)","decl":{"start":{"line":1145,"column":22},"end":{"line":1145,"column":23}},"loc":{"start":{"line":1145,"column":36},"end":{"line":1155,"column":17}},"line":1145},"61":{"name":"(anonymous_61)","decl":{"start":{"line":1156,"column":23},"end":{"line":1156,"column":24}},"loc":{"start":{"line":1156,"column":29},"end":{"line":1159,"column":17}},"line":1156},"62":{"name":"(anonymous_62)","decl":{"start":{"line":1168,"column":41},"end":{"line":1168,"column":42}},"loc":{"start":{"line":1168,"column":47},"end":{"line":1180,"column":13}},"line":1168},"63":{"name":"(anonymous_63)","decl":{"start":{"line":1194,"column":34},"end":{"line":1194,"column":35}},"loc":{"start":{"line":1194,"column":40},"end":{"line":1198,"column":17}},"line":1194},"64":{"name":"(anonymous_64)","decl":{"start":{"line":1209,"column":4},"end":{"line":1209,"column":5}},"loc":{"start":{"line":1209,"column":24},"end":{"line":1221,"column":5}},"line":1209}},"branchMap":{"0":{"loc":{"start":{"line":42,"column":23},"end":{"line":42,"column":118}},"type":"cond-expr","locations":[{"start":{"line":42,"column":84},"end":{"line":42,"column":108}},{"start":{"line":42,"column":111},"end":{"line":42,"column":118}}],"line":42},"1":{"loc":{"start":{"line":46,"column":4},"end":{"line":48,"column":5}},"type":"if","locations":[{"start":{"line":46,"column":4},"end":{"line":48,"column":5}},{"start":{"line":46,"column":4},"end":{"line":48,"column":5}}],"line":46},"2":{"loc":{"start":{"line":46,"column":8},"end":{"line":46,"column":39}},"type":"binary-expr","locations":[{"start":{"line":46,"column":8},"end":{"line":46,"column":21}},{"start":{"line":46,"column":25},"end":{"line":46,"column":39}}],"line":46},"3":{"loc":{"start":{"line":50,"column":4},"end":{"line":52,"column":5}},"type":"if","locations":[{"start":{"line":50,"column":4},"end":{"line":52,"column":5}},{"start":{"line":50,"column":4},"end":{"line":52,"column":5}}],"line":50},"4":{"loc":{"start":{"line":54,"column":4},"end":{"line":56,"column":5}},"type":"if","locations":[{"start":{"line":54,"column":4},"end":{"line":56,"column":5}},{"start":{"line":54,"column":4},"end":{"line":56,"column":5}}],"line":54},"5":{"loc":{"start":{"line":58,"column":4},"end":{"line":60,"column":5}},"type":"if","locations":[{"start":{"line":58,"column":4},"end":{"line":60,"column":5}},{"start":{"line":58,"column":4},"end":{"line":60,"column":5}}],"line":58},"6":{"loc":{"start":{"line":62,"column":4},"end":{"line":64,"column":5}},"type":"if","locations":[{"start":{"line":62,"column":4},"end":{"line":64,"column":5}},{"start":{"line":62,"column":4},"end":{"line":64,"column":5}}],"line":62},"7":{"loc":{"start":{"line":66,"column":4},"end":{"line":68,"column":5}},"type":"if","locations":[{"start":{"line":66,"column":4},"end":{"line":68,"column":5}},{"start":{"line":66,"column":4},"end":{"line":68,"column":5}}],"line":66},"8":{"loc":{"start":{"line":109,"column":32},"end":{"line":109,"column":52}},"type":"binary-expr","locations":[{"start":{"line":109,"column":32},"end":{"line":109,"column":46}},{"start":{"line":109,"column":50},"end":{"line":109,"column":52}}],"line":109},"9":{"loc":{"start":{"line":116,"column":25},"end":{"line":116,"column":62}},"type":"binary-expr","locations":[{"start":{"line":116,"column":25},"end":{"line":116,"column":39}},{"start":{"line":116,"column":43},"end":{"line":116,"column":62}}],"line":116},"10":{"loc":{"start":{"line":153,"column":8},"end":{"line":155,"column":9}},"type":"if","locations":[{"start":{"line":153,"column":8},"end":{"line":155,"column":9}},{"start":{"line":153,"column":8},"end":{"line":155,"column":9}}],"line":153},"11":{"loc":{"start":{"line":156,"column":8},"end":{"line":158,"column":9}},"type":"if","locations":[{"start":{"line":156,"column":8},"end":{"line":158,"column":9}},{"start":{"line":156,"column":8},"end":{"line":158,"column":9}}],"line":156},"12":{"loc":{"start":{"line":163,"column":8},"end":{"line":167,"column":9}},"type":"if","locations":[{"start":{"line":163,"column":8},"end":{"line":167,"column":9}},{"start":{"line":163,"column":8},"end":{"line":167,"column":9}}],"line":163},"13":{"loc":{"start":{"line":180,"column":21},"end":{"line":180,"column":56}},"type":"binary-expr","locations":[{"start":{"line":180,"column":21},"end":{"line":180,"column":49}},{"start":{"line":180,"column":53},"end":{"line":180,"column":56}}],"line":180},"14":{"loc":{"start":{"line":192,"column":8},"end":{"line":198,"column":9}},"type":"if","locations":[{"start":{"line":192,"column":8},"end":{"line":198,"column":9}},{"start":{"line":192,"column":8},"end":{"line":198,"column":9}}],"line":192},"15":{"loc":{"start":{"line":194,"column":15},"end":{"line":198,"column":9}},"type":"if","locations":[{"start":{"line":194,"column":15},"end":{"line":198,"column":9}},{"start":{"line":194,"column":15},"end":{"line":198,"column":9}}],"line":194},"16":{"loc":{"start":{"line":196,"column":15},"end":{"line":198,"column":9}},"type":"if","locations":[{"start":{"line":196,"column":15},"end":{"line":198,"column":9}},{"start":{"line":196,"column":15},"end":{"line":198,"column":9}}],"line":196},"17":{"loc":{"start":{"line":206,"column":8},"end":{"line":210,"column":9}},"type":"if","locations":[{"start":{"line":206,"column":8},"end":{"line":210,"column":9}},{"start":{"line":206,"column":8},"end":{"line":210,"column":9}}],"line":206},"18":{"loc":{"start":{"line":208,"column":15},"end":{"line":210,"column":9}},"type":"if","locations":[{"start":{"line":208,"column":15},"end":{"line":210,"column":9}},{"start":{"line":208,"column":15},"end":{"line":210,"column":9}}],"line":208},"19":{"loc":{"start":{"line":226,"column":8},"end":{"line":241,"column":9}},"type":"if","locations":[{"start":{"line":226,"column":8},"end":{"line":241,"column":9}},{"start":{"line":226,"column":8},"end":{"line":241,"column":9}}],"line":226},"20":{"loc":{"start":{"line":226,"column":12},"end":{"line":226,"column":54}},"type":"binary-expr","locations":[{"start":{"line":226,"column":12},"end":{"line":226,"column":26}},{"start":{"line":226,"column":30},"end":{"line":226,"column":54}}],"line":226},"21":{"loc":{"start":{"line":232,"column":12},"end":{"line":234,"column":13}},"type":"if","locations":[{"start":{"line":232,"column":12},"end":{"line":234,"column":13}},{"start":{"line":232,"column":12},"end":{"line":234,"column":13}}],"line":232},"22":{"loc":{"start":{"line":232,"column":16},"end":{"line":232,"column":89}},"type":"binary-expr","locations":[{"start":{"line":232,"column":16},"end":{"line":232,"column":46}},{"start":{"line":232,"column":50},"end":{"line":232,"column":89}}],"line":232},"23":{"loc":{"start":{"line":236,"column":12},"end":{"line":238,"column":13}},"type":"if","locations":[{"start":{"line":236,"column":12},"end":{"line":238,"column":13}},{"start":{"line":236,"column":12},"end":{"line":238,"column":13}}],"line":236},"24":{"loc":{"start":{"line":321,"column":8},"end":{"line":323,"column":9}},"type":"if","locations":[{"start":{"line":321,"column":8},"end":{"line":323,"column":9}},{"start":{"line":321,"column":8},"end":{"line":323,"column":9}}],"line":321},"25":{"loc":{"start":{"line":321,"column":12},"end":{"line":321,"column":53}},"type":"binary-expr","locations":[{"start":{"line":321,"column":12},"end":{"line":321,"column":29}},{"start":{"line":321,"column":33},"end":{"line":321,"column":53}}],"line":321},"26":{"loc":{"start":{"line":326,"column":8},"end":{"line":329,"column":9}},"type":"if","locations":[{"start":{"line":326,"column":8},"end":{"line":329,"column":9}},{"start":{"line":326,"column":8},"end":{"line":329,"column":9}}],"line":326},"27":{"loc":{"start":{"line":333,"column":8},"end":{"line":335,"column":9}},"type":"if","locations":[{"start":{"line":333,"column":8},"end":{"line":335,"column":9}},{"start":{"line":333,"column":8},"end":{"line":335,"column":9}}],"line":333},"28":{"loc":{"start":{"line":339,"column":12},"end":{"line":341,"column":13}},"type":"if","locations":[{"start":{"line":339,"column":12},"end":{"line":341,"column":13}},{"start":{"line":339,"column":12},"end":{"line":341,"column":13}}],"line":339},"29":{"loc":{"start":{"line":344,"column":12},"end":{"line":346,"column":13}},"type":"if","locations":[{"start":{"line":344,"column":12},"end":{"line":346,"column":13}},{"start":{"line":344,"column":12},"end":{"line":346,"column":13}}],"line":344},"30":{"loc":{"start":{"line":357,"column":25},"end":{"line":357,"column":72}},"type":"binary-expr","locations":[{"start":{"line":357,"column":25},"end":{"line":357,"column":33}},{"start":{"line":357,"column":38},"end":{"line":357,"column":45}},{"start":{"line":357,"column":49},"end":{"line":357,"column":71}}],"line":357},"31":{"loc":{"start":{"line":359,"column":12},"end":{"line":361,"column":13}},"type":"if","locations":[{"start":{"line":359,"column":12},"end":{"line":361,"column":13}},{"start":{"line":359,"column":12},"end":{"line":361,"column":13}}],"line":359},"32":{"loc":{"start":{"line":359,"column":16},"end":{"line":359,"column":46}},"type":"binary-expr","locations":[{"start":{"line":359,"column":16},"end":{"line":359,"column":23}},{"start":{"line":359,"column":27},"end":{"line":359,"column":46}}],"line":359},"33":{"loc":{"start":{"line":366,"column":26},"end":{"line":366,"column":74}},"type":"cond-expr","locations":[{"start":{"line":366,"column":33},"end":{"line":366,"column":62}},{"start":{"line":366,"column":65},"end":{"line":366,"column":74}}],"line":366},"34":{"loc":{"start":{"line":385,"column":12},"end":{"line":387,"column":13}},"type":"if","locations":[{"start":{"line":385,"column":12},"end":{"line":387,"column":13}},{"start":{"line":385,"column":12},"end":{"line":387,"column":13}}],"line":385},"35":{"loc":{"start":{"line":409,"column":34},"end":{"line":409,"column":47}},"type":"binary-expr","locations":[{"start":{"line":409,"column":34},"end":{"line":409,"column":41}},{"start":{"line":409,"column":45},"end":{"line":409,"column":47}}],"line":409},"36":{"loc":{"start":{"line":413,"column":41},"end":{"line":413,"column":70}},"type":"binary-expr","locations":[{"start":{"line":413,"column":41},"end":{"line":413,"column":57}},{"start":{"line":413,"column":61},"end":{"line":413,"column":70}}],"line":413},"37":{"loc":{"start":{"line":415,"column":8},"end":{"line":424,"column":9}},"type":"if","locations":[{"start":{"line":415,"column":8},"end":{"line":424,"column":9}},{"start":{"line":415,"column":8},"end":{"line":424,"column":9}}],"line":415},"38":{"loc":{"start":{"line":415,"column":12},"end":{"line":415,"column":71}},"type":"binary-expr","locations":[{"start":{"line":415,"column":13},"end":{"line":415,"column":23}},{"start":{"line":415,"column":27},"end":{"line":415,"column":42}},{"start":{"line":415,"column":47},"end":{"line":415,"column":71}}],"line":415},"39":{"loc":{"start":{"line":427,"column":8},"end":{"line":429,"column":9}},"type":"if","locations":[{"start":{"line":427,"column":8},"end":{"line":429,"column":9}},{"start":{"line":427,"column":8},"end":{"line":429,"column":9}}],"line":427},"40":{"loc":{"start":{"line":433,"column":8},"end":{"line":439,"column":9}},"type":"if","locations":[{"start":{"line":433,"column":8},"end":{"line":439,"column":9}},{"start":{"line":433,"column":8},"end":{"line":439,"column":9}}],"line":433},"41":{"loc":{"start":{"line":433,"column":12},"end":{"line":433,"column":44}},"type":"binary-expr","locations":[{"start":{"line":433,"column":12},"end":{"line":433,"column":24}},{"start":{"line":433,"column":28},"end":{"line":433,"column":44}}],"line":433},"42":{"loc":{"start":{"line":435,"column":15},"end":{"line":439,"column":9}},"type":"if","locations":[{"start":{"line":435,"column":15},"end":{"line":439,"column":9}},{"start":{"line":435,"column":15},"end":{"line":439,"column":9}}],"line":435},"43":{"loc":{"start":{"line":437,"column":15},"end":{"line":439,"column":9}},"type":"if","locations":[{"start":{"line":437,"column":15},"end":{"line":439,"column":9}},{"start":{"line":437,"column":15},"end":{"line":439,"column":9}}],"line":437},"44":{"loc":{"start":{"line":444,"column":25},"end":{"line":446,"column":45}},"type":"binary-expr","locations":[{"start":{"line":444,"column":25},"end":{"line":444,"column":33}},{"start":{"line":445,"column":15},"end":{"line":445,"column":40}},{"start":{"line":446,"column":15},"end":{"line":446,"column":45}}],"line":444},"45":{"loc":{"start":{"line":447,"column":35},"end":{"line":447,"column":72}},"type":"binary-expr","locations":[{"start":{"line":447,"column":36},"end":{"line":447,"column":44}},{"start":{"line":447,"column":48},"end":{"line":447,"column":63}},{"start":{"line":447,"column":68},"end":{"line":447,"column":72}}],"line":447},"46":{"loc":{"start":{"line":466,"column":8},"end":{"line":471,"column":9}},"type":"if","locations":[{"start":{"line":466,"column":8},"end":{"line":471,"column":9}},{"start":{"line":466,"column":8},"end":{"line":471,"column":9}}],"line":466},"47":{"loc":{"start":{"line":467,"column":12},"end":{"line":468,"column":57}},"type":"binary-expr","locations":[{"start":{"line":467,"column":12},"end":{"line":467,"column":51}},{"start":{"line":468,"column":15},"end":{"line":468,"column":57}}],"line":467},"48":{"loc":{"start":{"line":473,"column":18},"end":{"line":473,"column":31}},"type":"binary-expr","locations":[{"start":{"line":473,"column":18},"end":{"line":473,"column":25}},{"start":{"line":473,"column":29},"end":{"line":473,"column":31}}],"line":473},"49":{"loc":{"start":{"line":478,"column":8},"end":{"line":484,"column":9}},"type":"if","locations":[{"start":{"line":478,"column":8},"end":{"line":484,"column":9}},{"start":{"line":478,"column":8},"end":{"line":484,"column":9}}],"line":478},"50":{"loc":{"start":{"line":478,"column":12},"end":{"line":478,"column":44}},"type":"binary-expr","locations":[{"start":{"line":478,"column":12},"end":{"line":478,"column":24}},{"start":{"line":478,"column":28},"end":{"line":478,"column":44}}],"line":478},"51":{"loc":{"start":{"line":480,"column":15},"end":{"line":484,"column":9}},"type":"if","locations":[{"start":{"line":480,"column":15},"end":{"line":484,"column":9}},{"start":{"line":480,"column":15},"end":{"line":484,"column":9}}],"line":480},"52":{"loc":{"start":{"line":482,"column":15},"end":{"line":484,"column":9}},"type":"if","locations":[{"start":{"line":482,"column":15},"end":{"line":484,"column":9}},{"start":{"line":482,"column":15},"end":{"line":484,"column":9}}],"line":482},"53":{"loc":{"start":{"line":486,"column":8},"end":{"line":488,"column":9}},"type":"if","locations":[{"start":{"line":486,"column":8},"end":{"line":488,"column":9}},{"start":{"line":486,"column":8},"end":{"line":488,"column":9}}],"line":486},"54":{"loc":{"start":{"line":491,"column":36},"end":{"line":491,"column":60}},"type":"binary-expr","locations":[{"start":{"line":491,"column":36},"end":{"line":491,"column":49}},{"start":{"line":491,"column":53},"end":{"line":491,"column":60}}],"line":491},"55":{"loc":{"start":{"line":493,"column":25},"end":{"line":495,"column":45}},"type":"binary-expr","locations":[{"start":{"line":493,"column":25},"end":{"line":493,"column":33}},{"start":{"line":494,"column":15},"end":{"line":494,"column":40}},{"start":{"line":495,"column":15},"end":{"line":495,"column":45}}],"line":493},"56":{"loc":{"start":{"line":496,"column":35},"end":{"line":496,"column":72}},"type":"binary-expr","locations":[{"start":{"line":496,"column":36},"end":{"line":496,"column":44}},{"start":{"line":496,"column":48},"end":{"line":496,"column":63}},{"start":{"line":496,"column":68},"end":{"line":496,"column":72}}],"line":496},"57":{"loc":{"start":{"line":510,"column":8},"end":{"line":512,"column":9}},"type":"if","locations":[{"start":{"line":510,"column":8},"end":{"line":512,"column":9}},{"start":{"line":510,"column":8},"end":{"line":512,"column":9}}],"line":510},"58":{"loc":{"start":{"line":523,"column":8},"end":{"line":528,"column":9}},"type":"if","locations":[{"start":{"line":523,"column":8},"end":{"line":528,"column":9}},{"start":{"line":523,"column":8},"end":{"line":528,"column":9}}],"line":523},"59":{"loc":{"start":{"line":524,"column":12},"end":{"line":526,"column":13}},"type":"if","locations":[{"start":{"line":524,"column":12},"end":{"line":526,"column":13}},{"start":{"line":524,"column":12},"end":{"line":526,"column":13}}],"line":524},"60":{"loc":{"start":{"line":556,"column":12},"end":{"line":558,"column":13}},"type":"if","locations":[{"start":{"line":556,"column":12},"end":{"line":558,"column":13}},{"start":{"line":556,"column":12},"end":{"line":558,"column":13}}],"line":556},"61":{"loc":{"start":{"line":598,"column":8},"end":{"line":600,"column":9}},"type":"if","locations":[{"start":{"line":598,"column":8},"end":{"line":600,"column":9}},{"start":{"line":598,"column":8},"end":{"line":600,"column":9}}],"line":598},"62":{"loc":{"start":{"line":598,"column":12},"end":{"line":598,"column":88}},"type":"binary-expr","locations":[{"start":{"line":598,"column":12},"end":{"line":598,"column":52}},{"start":{"line":598,"column":56},"end":{"line":598,"column":88}}],"line":598},"63":{"loc":{"start":{"line":601,"column":8},"end":{"line":603,"column":9}},"type":"if","locations":[{"start":{"line":601,"column":8},"end":{"line":603,"column":9}},{"start":{"line":601,"column":8},"end":{"line":603,"column":9}}],"line":601},"64":{"loc":{"start":{"line":601,"column":12},"end":{"line":601,"column":92}},"type":"binary-expr","locations":[{"start":{"line":601,"column":12},"end":{"line":601,"column":54}},{"start":{"line":601,"column":58},"end":{"line":601,"column":92}}],"line":601},"65":{"loc":{"start":{"line":619,"column":12},"end":{"line":621,"column":13}},"type":"if","locations":[{"start":{"line":619,"column":12},"end":{"line":621,"column":13}},{"start":{"line":619,"column":12},"end":{"line":621,"column":13}}],"line":619},"66":{"loc":{"start":{"line":619,"column":16},"end":{"line":619,"column":61}},"type":"binary-expr","locations":[{"start":{"line":619,"column":16},"end":{"line":619,"column":42}},{"start":{"line":619,"column":46},"end":{"line":619,"column":61}}],"line":619},"67":{"loc":{"start":{"line":645,"column":16},"end":{"line":647,"column":17}},"type":"if","locations":[{"start":{"line":645,"column":16},"end":{"line":647,"column":17}},{"start":{"line":645,"column":16},"end":{"line":647,"column":17}}],"line":645},"68":{"loc":{"start":{"line":656,"column":26},"end":{"line":656,"column":68}},"type":"binary-expr","locations":[{"start":{"line":656,"column":26},"end":{"line":656,"column":40}},{"start":{"line":656,"column":44},"end":{"line":656,"column":68}}],"line":656},"69":{"loc":{"start":{"line":657,"column":12},"end":{"line":729,"column":13}},"type":"if","locations":[{"start":{"line":657,"column":12},"end":{"line":729,"column":13}},{"start":{"line":657,"column":12},"end":{"line":729,"column":13}}],"line":657},"70":{"loc":{"start":{"line":657,"column":16},"end":{"line":657,"column":89}},"type":"binary-expr","locations":[{"start":{"line":657,"column":16},"end":{"line":657,"column":21}},{"start":{"line":657,"column":25},"end":{"line":657,"column":45}},{"start":{"line":657,"column":49},"end":{"line":657,"column":89}}],"line":657},"71":{"loc":{"start":{"line":664,"column":28},"end":{"line":666,"column":29}},"type":"if","locations":[{"start":{"line":664,"column":28},"end":{"line":666,"column":29}},{"start":{"line":664,"column":28},"end":{"line":666,"column":29}}],"line":664},"72":{"loc":{"start":{"line":664,"column":32},"end":{"line":664,"column":52}},"type":"binary-expr","locations":[{"start":{"line":664,"column":32},"end":{"line":664,"column":34}},{"start":{"line":664,"column":38},"end":{"line":664,"column":52}}],"line":664},"73":{"loc":{"start":{"line":676,"column":24},"end":{"line":705,"column":25}},"type":"if","locations":[{"start":{"line":676,"column":24},"end":{"line":705,"column":25}},{"start":{"line":676,"column":24},"end":{"line":705,"column":25}}],"line":676},"74":{"loc":{"start":{"line":677,"column":28},"end":{"line":679,"column":78}},"type":"binary-expr","locations":[{"start":{"line":677,"column":28},"end":{"line":677,"column":43}},{"start":{"line":678,"column":31},"end":{"line":678,"column":50}},{"start":{"line":679,"column":32},"end":{"line":679,"column":56}},{"start":{"line":679,"column":60},"end":{"line":679,"column":77}}],"line":677},"75":{"loc":{"start":{"line":688,"column":32},"end":{"line":690,"column":33}},"type":"if","locations":[{"start":{"line":688,"column":32},"end":{"line":690,"column":33}},{"start":{"line":688,"column":32},"end":{"line":690,"column":33}}],"line":688},"76":{"loc":{"start":{"line":700,"column":32},"end":{"line":702,"column":33}},"type":"if","locations":[{"start":{"line":700,"column":32},"end":{"line":702,"column":33}},{"start":{"line":700,"column":32},"end":{"line":702,"column":33}}],"line":700},"77":{"loc":{"start":{"line":721,"column":33},"end":{"line":721,"column":91}},"type":"binary-expr","locations":[{"start":{"line":721,"column":33},"end":{"line":721,"column":35}},{"start":{"line":721,"column":40},"end":{"line":721,"column":90}}],"line":721},"78":{"loc":{"start":{"line":721,"column":40},"end":{"line":721,"column":90}},"type":"cond-expr","locations":[{"start":{"line":721,"column":64},"end":{"line":721,"column":85}},{"start":{"line":721,"column":88},"end":{"line":721,"column":90}}],"line":721},"79":{"loc":{"start":{"line":734,"column":8},"end":{"line":741,"column":9}},"type":"if","locations":[{"start":{"line":734,"column":8},"end":{"line":741,"column":9}},{"start":{"line":734,"column":8},"end":{"line":741,"column":9}}],"line":734},"80":{"loc":{"start":{"line":797,"column":12},"end":{"line":799,"column":13}},"type":"if","locations":[{"start":{"line":797,"column":12},"end":{"line":799,"column":13}},{"start":{"line":797,"column":12},"end":{"line":799,"column":13}}],"line":797},"81":{"loc":{"start":{"line":797,"column":16},"end":{"line":797,"column":52}},"type":"binary-expr","locations":[{"start":{"line":797,"column":16},"end":{"line":797,"column":27}},{"start":{"line":797,"column":31},"end":{"line":797,"column":52}}],"line":797},"82":{"loc":{"start":{"line":802,"column":8},"end":{"line":869,"column":9}},"type":"if","locations":[{"start":{"line":802,"column":8},"end":{"line":869,"column":9}},{"start":{"line":802,"column":8},"end":{"line":869,"column":9}}],"line":802},"83":{"loc":{"start":{"line":802,"column":12},"end":{"line":802,"column":61}},"type":"binary-expr","locations":[{"start":{"line":802,"column":12},"end":{"line":802,"column":31}},{"start":{"line":802,"column":35},"end":{"line":802,"column":61}}],"line":802},"84":{"loc":{"start":{"line":810,"column":20},"end":{"line":816,"column":21}},"type":"if","locations":[{"start":{"line":810,"column":20},"end":{"line":816,"column":21}},{"start":{"line":810,"column":20},"end":{"line":816,"column":21}}],"line":810},"85":{"loc":{"start":{"line":810,"column":24},"end":{"line":810,"column":76}},"type":"binary-expr","locations":[{"start":{"line":810,"column":24},"end":{"line":810,"column":37}},{"start":{"line":810,"column":41},"end":{"line":810,"column":76}}],"line":810},"86":{"loc":{"start":{"line":831,"column":24},"end":{"line":845,"column":25}},"type":"if","locations":[{"start":{"line":831,"column":24},"end":{"line":845,"column":25}},{"start":{"line":831,"column":24},"end":{"line":845,"column":25}}],"line":831},"87":{"loc":{"start":{"line":831,"column":28},"end":{"line":831,"column":68}},"type":"binary-expr","locations":[{"start":{"line":831,"column":28},"end":{"line":831,"column":44}},{"start":{"line":831,"column":48},"end":{"line":831,"column":68}}],"line":831},"88":{"loc":{"start":{"line":853,"column":20},"end":{"line":863,"column":21}},"type":"if","locations":[{"start":{"line":853,"column":20},"end":{"line":863,"column":21}},{"start":{"line":853,"column":20},"end":{"line":863,"column":21}}],"line":853},"89":{"loc":{"start":{"line":853,"column":24},"end":{"line":853,"column":89}},"type":"binary-expr","locations":[{"start":{"line":853,"column":24},"end":{"line":853,"column":51}},{"start":{"line":853,"column":55},"end":{"line":853,"column":89}}],"line":853},"90":{"loc":{"start":{"line":871,"column":8},"end":{"line":928,"column":9}},"type":"if","locations":[{"start":{"line":871,"column":8},"end":{"line":928,"column":9}},{"start":{"line":871,"column":8},"end":{"line":928,"column":9}}],"line":871},"91":{"loc":{"start":{"line":871,"column":12},"end":{"line":871,"column":50}},"type":"binary-expr","locations":[{"start":{"line":871,"column":12},"end":{"line":871,"column":31}},{"start":{"line":871,"column":35},"end":{"line":871,"column":50}}],"line":871},"92":{"loc":{"start":{"line":888,"column":20},"end":{"line":897,"column":21}},"type":"if","locations":[{"start":{"line":888,"column":20},"end":{"line":897,"column":21}},{"start":{"line":888,"column":20},"end":{"line":897,"column":21}}],"line":888},"93":{"loc":{"start":{"line":890,"column":27},"end":{"line":897,"column":21}},"type":"if","locations":[{"start":{"line":890,"column":27},"end":{"line":897,"column":21}},{"start":{"line":890,"column":27},"end":{"line":897,"column":21}}],"line":890},"94":{"loc":{"start":{"line":890,"column":31},"end":{"line":890,"column":90}},"type":"binary-expr","locations":[{"start":{"line":890,"column":31},"end":{"line":890,"column":50}},{"start":{"line":890,"column":54},"end":{"line":890,"column":90}}],"line":890},"95":{"loc":{"start":{"line":892,"column":24},"end":{"line":894,"column":25}},"type":"if","locations":[{"start":{"line":892,"column":24},"end":{"line":894,"column":25}},{"start":{"line":892,"column":24},"end":{"line":894,"column":25}}],"line":892},"96":{"loc":{"start":{"line":900,"column":20},"end":{"line":902,"column":21}},"type":"if","locations":[{"start":{"line":900,"column":20},"end":{"line":902,"column":21}},{"start":{"line":900,"column":20},"end":{"line":902,"column":21}}],"line":900},"97":{"loc":{"start":{"line":904,"column":20},"end":{"line":906,"column":21}},"type":"if","locations":[{"start":{"line":904,"column":20},"end":{"line":906,"column":21}},{"start":{"line":904,"column":20},"end":{"line":906,"column":21}}],"line":904},"98":{"loc":{"start":{"line":904,"column":24},"end":{"line":904,"column":49}},"type":"binary-expr","locations":[{"start":{"line":904,"column":24},"end":{"line":904,"column":31}},{"start":{"line":904,"column":35},"end":{"line":904,"column":49}}],"line":904},"99":{"loc":{"start":{"line":932,"column":8},"end":{"line":934,"column":9}},"type":"if","locations":[{"start":{"line":932,"column":8},"end":{"line":934,"column":9}},{"start":{"line":932,"column":8},"end":{"line":934,"column":9}}],"line":932},"100":{"loc":{"start":{"line":932,"column":12},"end":{"line":932,"column":52}},"type":"binary-expr","locations":[{"start":{"line":932,"column":12},"end":{"line":932,"column":31}},{"start":{"line":932,"column":35},"end":{"line":932,"column":52}}],"line":932},"101":{"loc":{"start":{"line":941,"column":36},"end":{"line":941,"column":78}},"type":"binary-expr","locations":[{"start":{"line":941,"column":36},"end":{"line":941,"column":42}},{"start":{"line":941,"column":46},"end":{"line":941,"column":56}},{"start":{"line":941,"column":60},"end":{"line":941,"column":78}}],"line":941},"102":{"loc":{"start":{"line":942,"column":39},"end":{"line":945,"column":42}},"type":"binary-expr","locations":[{"start":{"line":942,"column":39},"end":{"line":942,"column":59}},{"start":{"line":943,"column":15},"end":{"line":943,"column":29}},{"start":{"line":944,"column":15},"end":{"line":944,"column":39}},{"start":{"line":945,"column":15},"end":{"line":945,"column":42}}],"line":942},"103":{"loc":{"start":{"line":946,"column":8},"end":{"line":977,"column":9}},"type":"if","locations":[{"start":{"line":946,"column":8},"end":{"line":977,"column":9}},{"start":{"line":946,"column":8},"end":{"line":977,"column":9}}],"line":946},"104":{"loc":{"start":{"line":946,"column":12},"end":{"line":946,"column":62}},"type":"binary-expr","locations":[{"start":{"line":946,"column":12},"end":{"line":946,"column":36}},{"start":{"line":946,"column":40},"end":{"line":946,"column":62}}],"line":946},"105":{"loc":{"start":{"line":953,"column":16},"end":{"line":955,"column":17}},"type":"if","locations":[{"start":{"line":953,"column":16},"end":{"line":955,"column":17}},{"start":{"line":953,"column":16},"end":{"line":955,"column":17}}],"line":953},"106":{"loc":{"start":{"line":963,"column":32},"end":{"line":963,"column":79}},"type":"cond-expr","locations":[{"start":{"line":963,"column":55},"end":{"line":963,"column":67}},{"start":{"line":963,"column":70},"end":{"line":963,"column":79}}],"line":963},"107":{"loc":{"start":{"line":966,"column":20},"end":{"line":969,"column":21}},"type":"if","locations":[{"start":{"line":966,"column":20},"end":{"line":969,"column":21}},{"start":{"line":966,"column":20},"end":{"line":969,"column":21}}],"line":966},"108":{"loc":{"start":{"line":979,"column":8},"end":{"line":992,"column":9}},"type":"if","locations":[{"start":{"line":979,"column":8},"end":{"line":992,"column":9}},{"start":{"line":979,"column":8},"end":{"line":992,"column":9}}],"line":979},"109":{"loc":{"start":{"line":979,"column":12},"end":{"line":979,"column":73}},"type":"binary-expr","locations":[{"start":{"line":979,"column":12},"end":{"line":979,"column":35}},{"start":{"line":979,"column":39},"end":{"line":979,"column":58}},{"start":{"line":979,"column":62},"end":{"line":979,"column":73}}],"line":979},"110":{"loc":{"start":{"line":997,"column":8},"end":{"line":999,"column":9}},"type":"if","locations":[{"start":{"line":997,"column":8},"end":{"line":999,"column":9}},{"start":{"line":997,"column":8},"end":{"line":999,"column":9}}],"line":997},"111":{"loc":{"start":{"line":1011,"column":33},"end":{"line":1011,"column":56}},"type":"cond-expr","locations":[{"start":{"line":1011,"column":40},"end":{"line":1011,"column":51}},{"start":{"line":1011,"column":54},"end":{"line":1011,"column":56}}],"line":1011},"112":{"loc":{"start":{"line":1011,"column":61},"end":{"line":1011,"column":74}},"type":"binary-expr","locations":[{"start":{"line":1011,"column":61},"end":{"line":1011,"column":68}},{"start":{"line":1011,"column":72},"end":{"line":1011,"column":74}}],"line":1011},"113":{"loc":{"start":{"line":1013,"column":8},"end":{"line":1019,"column":9}},"type":"if","locations":[{"start":{"line":1013,"column":8},"end":{"line":1019,"column":9}},{"start":{"line":1013,"column":8},"end":{"line":1019,"column":9}}],"line":1013},"114":{"loc":{"start":{"line":1014,"column":12},"end":{"line":1016,"column":74}},"type":"binary-expr","locations":[{"start":{"line":1014,"column":12},"end":{"line":1014,"column":51}},{"start":{"line":1015,"column":16},"end":{"line":1015,"column":62}},{"start":{"line":1016,"column":19},"end":{"line":1016,"column":73}}],"line":1014},"115":{"loc":{"start":{"line":1026,"column":8},"end":{"line":1028,"column":9}},"type":"if","locations":[{"start":{"line":1026,"column":8},"end":{"line":1028,"column":9}},{"start":{"line":1026,"column":8},"end":{"line":1028,"column":9}}],"line":1026},"116":{"loc":{"start":{"line":1026,"column":12},"end":{"line":1026,"column":53}},"type":"binary-expr","locations":[{"start":{"line":1026,"column":12},"end":{"line":1026,"column":31}},{"start":{"line":1026,"column":35},"end":{"line":1026,"column":53}}],"line":1026},"117":{"loc":{"start":{"line":1031,"column":8},"end":{"line":1035,"column":9}},"type":"if","locations":[{"start":{"line":1031,"column":8},"end":{"line":1035,"column":9}},{"start":{"line":1031,"column":8},"end":{"line":1035,"column":9}}],"line":1031},"118":{"loc":{"start":{"line":1031,"column":12},"end":{"line":1031,"column":54}},"type":"binary-expr","locations":[{"start":{"line":1031,"column":12},"end":{"line":1031,"column":30}},{"start":{"line":1031,"column":34},"end":{"line":1031,"column":54}}],"line":1031},"119":{"loc":{"start":{"line":1038,"column":8},"end":{"line":1040,"column":9}},"type":"if","locations":[{"start":{"line":1038,"column":8},"end":{"line":1040,"column":9}},{"start":{"line":1038,"column":8},"end":{"line":1040,"column":9}}],"line":1038},"120":{"loc":{"start":{"line":1038,"column":12},"end":{"line":1038,"column":51}},"type":"binary-expr","locations":[{"start":{"line":1038,"column":12},"end":{"line":1038,"column":27}},{"start":{"line":1038,"column":31},"end":{"line":1038,"column":51}}],"line":1038},"121":{"loc":{"start":{"line":1042,"column":8},"end":{"line":1044,"column":9}},"type":"if","locations":[{"start":{"line":
[...]
"end":{"line":144,"column":81}},"78":{"start":{"line":145,"column":15},"end":{"line":148,"column":9}},"79":{"start":{"line":147,"column":12},"end":{"line":147,"column":41}},"80":{"start":{"line":151,"column":4},"end":{"line":151,"column":46}},"81":{"start":{"line":157,"column":17},"end":{"line":172,"column":1}},"82":{"start":{"line":158,"column":4},"end":{"line":160,"column":5}},"83":{"start":{"line":159,"column":8},"end":{"line":159,"column":18}},"84":{"start":{"line":161,"column":16},"end":{"line":161,"column":91}},"85":{"start":{"line":164,"column":18},"end":{"line":164,"column":32}},"86":{"start":{"line":165,"column":21},"end":{"line":165,"column":35}},"87":{"start":{"line":166,"column":4},"end":{"line":171,"column":6}},"88":{"start":{"line":180,"column":28},"end":{"line":214,"column":1}},"89":{"start":{"line":181,"column":16},"end":{"line":181,"column":18}},"90":{"start":{"line":188,"column":4},"end":{"line":190,"column":5}},"91":{"start":{"line":189,"column":8},"end":{"line":189,"column":18}},"92":{"start":{"line":192,"column":4},"end":{"line":192,"column":41}},"93":{"start":{"line":193,"column":4},"end":{"line":195,"column":5}},"94":{"start":{"line":194,"column":8},"end":{"line":194,"column":32}},"95":{"start":{"line":198,"column":4},"end":{"line":198,"column":31}},"96":{"start":{"line":199,"column":4},"end":{"line":204,"column":5}},"97":{"start":{"line":200,"column":8},"end":{"line":200,"column":41}},"98":{"start":{"line":201,"column":8},"end":{"line":203,"column":9}},"99":{"start":{"line":202,"column":12},"end":{"line":202,"column":39}},"100":{"start":{"line":205,"column":26},"end":{"line":205,"column":58}},"101":{"start":{"line":206,"column":4},"end":{"line":212,"column":5}},"102":{"start":{"line":207,"column":8},"end":{"line":207,"column":31}},"103":{"start":{"line":208,"column":8},"end":{"line":208,"column":38}},"104":{"start":{"line":209,"column":8},"end":{"line":211,"column":9}},"105":{"start":{"line":210,"column":12},"end":{"line":210,"column":43}},"106":{"start":{"line":213,"column":4},"end":{"line":213,"column":24}},"107":{"start":{"line":223,"column":25},"end":{"line":253,"column":1}},"108":{"start":{"line":224,"column":32},"end":{"line":224,"column":33}},"109":{"start":{"line":225,"column":27},"end":{"line":225,"column":29}},"110":{"start":{"line":226,"column":16},"end":{"line":226,"column":18}},"111":{"start":{"line":227,"column":17},"end":{"line":227,"column":18}},"112":{"start":{"line":228,"column":14},"end":{"line":228,"column":15}},"113":{"start":{"line":229,"column":22},"end":{"line":229,"column":27}},"114":{"start":{"line":230,"column":22},"end":{"line":230,"column":38}},"115":{"start":{"line":233,"column":4},"end":{"line":250,"column":5}},"116":{"start":{"line":234,"column":8},"end":{"line":234,"column":44}},"117":{"start":{"line":239,"column":8},"end":{"line":244,"column":9}},"118":{"start":{"line":243,"column":12},"end":{"line":243,"column":18}},"119":{"start":{"line":246,"column":8},"end":{"line":246,"column":26}},"120":{"start":{"line":248,"column":8},"end":{"line":248,"column":30}},"121":{"start":{"line":249,"column":8},"end":{"line":249,"column":31}},"122":{"start":{"line":252,"column":4},"end":{"line":252,"column":41}},"123":{"start":{"line":262,"column":13},"end":{"line":272,"column":1}},"124":{"start":{"line":263,"column":17},"end":{"line":263,"column":26}},"125":{"start":{"line":264,"column":4},"end":{"line":264,"column":34}},"126":{"start":{"line":266,"column":4},"end":{"line":266,"column":32}},"127":{"start":{"line":268,"column":4},"end":{"line":268,"column":30}},"128":{"start":{"line":269,"column":4},"end":{"line":271,"column":5}},"129":{"start":{"line":270,"column":8},"end":{"line":270,"column":38}},"130":{"start":{"line":280,"column":17},"end":{"line":296,"column":1}},"131":{"start":{"line":281,"column":4},"end":{"line":283,"column":5}},"132":{"start":{"line":282,"column":8},"end":{"line":282,"column":18}},"133":{"start":{"line":285,"column":19},"end":{"line":285,"column":21}},"134":{"start":{"line":287,"column":4},"end":{"line":293,"column":5}},"135":{"start":{"line":288,"column":8},"end":{"line":292,"column":9}},"136":{"start":{"line":289,"column":12},"end":{"line":289,"column":42}},"137":{"start":{"line":291,"column":12},"end":{"line":291,"column":56}},"138":{"start":{"line":295,"column":4},"end":{"line":295,"column":34}},"139":{"start":{"line":303,"column":19},"end":{"line":314,"column":1}},"140":{"start":{"line":304,"column":24},"end":{"line":309,"column":5}},"141":{"start":{"line":310,"column":4},"end":{"line":312,"column":5}},"142":{"start":{"line":311,"column":8},"end":{"line":311,"column":20}},"143":{"start":{"line":313,"column":4},"end":{"line":313,"column":17}},"144":{"start":{"line":321,"column":21},"end":{"line":324,"column":1}},"145":{"start":{"line":322,"column":26},"end":{"line":322,"column":54}},"146":{"start":{"line":323,"column":4},"end":{"line":323,"column":40}},"147":{"start":{"line":331,"column":18},"end":{"line":334,"column":1}},"148":{"start":{"line":332,"column":26},"end":{"line":332,"column":44}},"149":{"start":{"line":333,"column":4},"end":{"line":333,"column":40}},"150":{"start":{"line":341,"column":19},"end":{"line":344,"column":1}},"151":{"start":{"line":342,"column":27},"end":{"line":342,"column":46}},"152":{"start":{"line":343,"column":4},"end":{"line":343,"column":41}},"153":{"start":{"line":351,"column":19},"end":{"line":354,"column":1}},"154":{"start":{"line":352,"column":27},"end":{"line":352,"column":45}},"155":{"start":{"line":353,"column":4},"end":{"line":353,"column":41}}},"fnMap":{"0":{"name":"(anonymous_0)","decl":{"start":{"line":7,"column":16},"end":{"line":7,"column":17}},"loc":{"start":{"line":7,"column":27},"end":{"line":18,"column":1}},"line":7},"1":{"name":"(anonymous_1)","decl":{"start":{"line":20,"column":27},"end":{"line":20,"column":28}},"loc":{"start":{"line":20,"column":33},"end":{"line":27,"column":1}},"line":20},"2":{"name":"(anonymous_2)","decl":{"start":{"line":29,"column":21},"end":{"line":29,"column":22}},"loc":{"start":{"line":29,"column":32},"end":{"line":32,"column":1}},"line":29},"3":{"name":"(anonymous_3)","decl":{"start":{"line":34,"column":20},"end":{"line":34,"column":21}},"loc":{"start":{"line":34,"column":28},"end":{"line":34,"column":46}},"line":34},"4":{"name":"(anonymous_4)","decl":{"start":{"line":36,"column":15},"end":{"line":36,"column":16}},"loc":{"start":{"line":36,"column":23},"end":{"line":36,"column":36}},"line":36},"5":{"name":"(anonymous_5)","decl":{"start":{"line":38,"column":19},"end":{"line":38,"column":20}},"loc":{"start":{"line":38,"column":27},"end":{"line":38,"column":53}},"line":38},"6":{"name":"(anonymous_6)","decl":{"start":{"line":40,"column":22},"end":{"line":40,"column":23}},"loc":{"start":{"line":40,"column":30},"end":{"line":40,"column":88}},"line":40},"7":{"name":"(anonymous_7)","decl":{"start":{"line":42,"column":17},"end":{"line":42,"column":18}},"loc":{"start":{"line":42,"column":25},"end":{"line":42,"column":83}},"line":42},"8":{"name":"(anonymous_8)","decl":{"start":{"line":44,"column":16},"end":{"line":44,"column":17}},"loc":{"start":{"line":44,"column":24},"end":{"line":44,"column":81}},"line":44},"9":{"name":"(anonymous_9)","decl":{"start":{"line":46,"column":25},"end":{"line":46,"column":26}},"loc":{"start":{"line":46,"column":33},"end":{"line":46,"column":99}},"line":46},"10":{"name":"(anonymous_10)","decl":{"start":{"line":48,"column":18},"end":{"line":48,"column":19}},"loc":{"start":{"line":48,"column":26},"end":{"line":48,"column":85}},"line":48},"11":{"name":"(anonymous_11)","decl":{"start":{"line":50,"column":16},"end":{"line":50,"column":17}},"loc":{"start":{"line":50,"column":24},"end":{"line":50,"column":81}},"line":50},"12":{"name":"(anonymous_12)","decl":{"start":{"line":52,"column":22},"end":{"line":52,"column":23}},"loc":{"start":{"line":52,"column":32},"end":{"line":64,"column":1}},"line":52},"13":{"name":"(anonymous_13)","decl":{"start":{"line":67,"column":14},"end":{"line":67,"column":15}},"loc":{"start":{"line":67,"column":23},"end":{"line":74,"column":1}},"line":67},"14":{"name":"(anonymous_14)","decl":{"start":{"line":77,"column":22},"end":{"line":77,"column":23}},"loc":{"start":{"line":77,"column":28},"end":{"line":90,"column":1}},"line":77},"15":{"name":"(anonymous_15)","decl":{"start":{"line":99,"column":15},"end":{"line":99,"column":16}},"loc":{"start":{"line":99,"column":32},"end":{"line":99,"column":81}},"line":99},"16":{"name":"(anonymous_16)","decl":{"start":{"line":101,"column":13},"end":{"line":101,"column":14}},"loc":{"start":{"line":101,"column":32},"end":{"line":119,"column":1}},"line":101},"17":{"name":"(anonymous_17)","decl":{"start":{"line":121,"column":20},"end":{"line":121,"column":21}},"loc":{"start":{"line":121,"column":36},"end":{"line":129,"column":1}},"line":121},"18":{"name":"(anonymous_18)","decl":{"start":{"line":125,"column":15},"end":{"line":125,"column":16}},"loc":{"start":{"line":125,"column":31},"end":{"line":127,"column":5}},"line":125},"19":{"name":"(anonymous_19)","decl":{"start":{"line":131,"column":19},"end":{"line":131,"column":20}},"loc":{"start":{"line":131,"column":33},"end":{"line":152,"column":1}},"line":131},"20":{"name":"(anonymous_20)","decl":{"start":{"line":157,"column":17},"end":{"line":157,"column":18}},"loc":{"start":{"line":157,"column":26},"end":{"line":172,"column":1}},"line":157},"21":{"name":"(anonymous_21)","decl":{"start":{"line":180,"column":28},"end":{"line":180,"column":29}},"loc":{"start":{"line":180,"column":38},"end":{"line":214,"column":1}},"line":180},"22":{"name":"(anonymous_22)","decl":{"start":{"line":223,"column":25},"end":{"line":223,"column":26}},"loc":{"start":{"line":223,"column":35},"end":{"line":253,"column":1}},"line":223},"23":{"name":"(anonymous_23)","decl":{"start":{"line":262,"column":13},"end":{"line":262,"column":14}},"loc":{"start":{"line":262,"column":48},"end":{"line":272,"column":1}},"line":262},"24":{"name":"(anonymous_24)","decl":{"start":{"line":280,"column":17},"end":{"line":280,"column":18}},"loc":{"start":{"line":280,"column":39},"end":{"line":296,"column":1}},"line":280},"25":{"name":"(anonymous_25)","decl":{"start":{"line":303,"column":19},"end":{"line":303,"column":20}},"loc":{"start":{"line":303,"column":33},"end":{"line":314,"column":1}},"line":303},"26":{"name":"(anonymous_26)","decl":{"start":{"line":321,"column":21},"end":{"line":321,"column":22}},"loc":{"start":{"line":321,"column":35},"end":{"line":324,"column":1}},"line":321},"27":{"name":"(anonymous_27)","decl":{"start":{"line":331,"column":18},"end":{"line":331,"column":19}},"loc":{"start":{"line":331,"column":32},"end":{"line":334,"column":1}},"line":331},"28":{"name":"(anonymous_28)","decl":{"start":{"line":341,"column":19},"end":{"line":341,"column":20}},"loc":{"start":{"line":341,"column":33},"end":{"line":344,"column":1}},"line":341},"29":{"name":"(anonymous_29)","decl":{"start":{"line":351,"column":19},"end":{"line":351,"column":20}},"loc":{"start":{"line":351,"column":33},"end":{"line":354,"column":1}},"line":351}},"branchMap":{"0":{"loc":{"start":{"line":8,"column":4},"end":{"line":17,"column":5}},"type":"switch","locations":[{"start":{"line":9,"column":8},"end":{"line":10,"column":24}},{"start":{"line":11,"column":8},"end":{"line":12,"column":24}},{"start":{"line":13,"column":8},"end":{"line":14,"column":24}},{"start":{"line":15,"column":8},"end":{"line":16,"column":42}}],"line":8},"1":{"loc":{"start":{"line":30,"column":19},"end":{"line":30,"column":92}},"type":"binary-expr","locations":[{"start":{"line":30,"column":19},"end":{"line":30,"column":39}},{"start":{"line":30,"column":43},"end":{"line":30,"column":92}}],"line":30},"2":{"loc":{"start":{"line":53,"column":4},"end":{"line":55,"column":5}},"type":"if","locations":[{"start":{"line":53,"column":4},"end":{"line":55,"column":5}},{"start":{"line":53,"column":4},"end":{"line":55,"column":5}}],"line":53},"3":{"loc":{"start":{"line":59,"column":8},"end":{"line":61,"column":9}},"type":"if","locations":[{"start":{"line":59,"column":8},"end":{"line":61,"column":9}},{"start":{"line":59,"column":8},"end":{"line":61,"column":9}}],"line":59},"4":{"loc":{"start":{"line":68,"column":4},"end":{"line":70,"column":5}},"type":"if","locations":[{"start":{"line":68,"column":4},"end":{"line":70,"column":5}},{"start":{"line":68,"column":4},"end":{"line":70,"column":5}}],"line":68},"5":{"loc":{"start":{"line":78,"column":4},"end":{"line":80,"column":5}},"type":"if","locations":[{"start":{"line":78,"column":4},"end":{"line":80,"column":5}},{"start":{"line":78,"column":4},"end":{"line":80,"column":5}}],"line":78},"6":{"loc":{"start":{"line":105,"column":4},"end":{"line":118,"column":5}},"type":"if","locations":[{"start":{"line":105,"column":4},"end":{"line":118,"column":5}},{"start":{"line":105,"column":4},"end":{"line":118,"column":5}}],"line":105},"7":{"loc":{"start":{"line":107,"column":12},"end":{"line":109,"column":13}},"type":"if","locations":[{"start":{"line":107,"column":12},"end":{"line":109,"column":13}},{"start":{"line":107,"column":12},"end":{"line":109,"column":13}}],"line":107},"8":{"loc":{"start":{"line":113,"column":8},"end":{"line":117,"column":9}},"type":"if","locations":[{"start":{"line":113,"column":8},"end":{"line":117,"column":9}},{"start":{"line":113,"column":8},"end":{"line":117,"column":9}}],"line":113},"9":{"loc":{"start":{"line":122,"column":4},"end":{"line":124,"column":5}},"type":"if","locations":[{"start":{"line":122,"column":4},"end":{"line":124,"column":5}},{"start":{"line":122,"column":4},"end":{"line":124,"column":5}}],"line":122},"10":{"loc":{"start":{"line":141,"column":8},"end":{"line":148,"column":9}},"type":"if","locations":[{"start":{"line":141,"column":8},"end":{"line":148,"column":9}},{"start":{"line":141,"column":8},"end":{"line":148,"column":9}}],"line":141},"11":{"loc":{"start":{"line":145,"column":15},"end":{"line":148,"column":9}},"type":"if","locations":[{"start":{"line":145,"column":15},"end":{"line":148,"column":9}},{"start":{"line":145,"column":15},"end":{"line":148,"column":9}}],"line":145},"12":{"loc":{"start":{"line":145,"column":19},"end":{"line":145,"column":44}},"type":"binary-expr","locations":[{"start":{"line":145,"column":19},"end":{"line":145,"column":26}},{"start":{"line":145,"column":30},"end":{"line":145,"column":44}}],"line":145},"13":{"loc":{"start":{"line":158,"column":4},"end":{"line":160,"column":5}},"type":"if","locations":[{"start":{"line":158,"column":4},"end":{"line":160,"column":5}},{"start":{"line":158,"column":4},"end":{"line":160,"column":5}}],"line":158},"14":{"loc":{"start":{"line":164,"column":18},"end":{"line":164,"column":32}},"type":"binary-expr","locations":[{"start":{"line":164,"column":18},"end":{"line":164,"column":26}},{"start":{"line":164,"column":30},"end":{"line":164,"column":32}}],"line":164},"15":{"loc":{"start":{"line":165,"column":21},"end":{"line":165,"column":35}},"type":"binary-expr","locations":[{"start":{"line":165,"column":21},"end":{"line":165,"column":29}},{"start":{"line":165,"column":33},"end":{"line":165,"column":35}}],"line":165},"16":{"loc":{"start":{"line":188,"column":4},"end":{"line":190,"column":5}},"type":"if","locations":[{"start":{"line":188,"column":4},"end":{"line":190,"column":5}},{"start":{"line":188,"column":4},"end":{"line":190,"column":5}}],"line":188},"17":{"loc":{"start":{"line":188,"column":8},"end":{"line":188,"column":30}},"type":"binary-expr","locations":[{"start":{"line":188,"column":8},"end":{"line":188,"column":13}},{"start":{"line":188,"column":17},"end":{"line":188,"column":30}}],"line":188},"18":{"loc":{"start":{"line":193,"column":4},"end":{"line":195,"column":5}},"type":"if","locations":[{"start":{"line":193,"column":4},"end":{"line":195,"column":5}},{"start":{"line":193,"column":4},"end":{"line":195,"column":5}}],"line":193},"19":{"loc":{"start":{"line":199,"column":4},"end":{"line":204,"column":5}},"type":"if","locations":[{"start":{"line":199,"column":4},"end":{"line":204,"column":5}},{"start":{"line":199,"column":4},"end":{"line":204,"column":5}}],"line":199},"20":{"loc":{"start":{"line":199,"column":8},"end":{"line":199,"column":40}},"type":"binary-expr","locations":[{"start":{"line":199,"column":8},"end":{"line":199,"column":17}},{"start":{"line":199,"column":21},"end":{"line":199,"column":40}}],"line":199},"21":{"loc":{"start":{"line":209,"column":8},"end":{"line":211,"column":9}},"type":"if","locations":[{"start":{"line":209,"column":8},"end":{"line":211,"column":9}},{"start":{"line":209,"column":8},"end":{"line":211,"column":9}}],"line":209},"22":{"loc":{"start":{"line":233,"column":11},"end":{"line":233,"column":49}},"type":"binary-expr","locations":[{"start":{"line":233,"column":11},"end":{"line":233,"column":15}},{"start":{"line":233,"column":19},"end":{"line":233,"column":49}}],"line":233},"23":{"loc":{"start":{"line":239,"column":8},"end":{"line":244,"column":9}},"type":"if","locations":[{"start":{"line":239,"column":8},"end":{"line":244,"column":9}},{"start":{"line":239,"column":8},"end":{"line":244,"column":9}}],"line":239},"24":{"loc":{"start":{"line":240,"column":12},"end":{"line":241,"column":96}},"type":"binary-expr","locations":[{"start":{"line":240,"column":12},"end":{"line":240,"column":30}},{"start":{"line":241,"column":16},"end":{"line":241,"column":26}},{"start":{"line":241,"column":30},"end":{"line":241,"column":95}}],"line":240},"25":{"loc":{"start":{"line":269,"column":4},"end":{"line":271,"column":5}},"type":"if","locations":[{"start":{"line":269,"column":4},"end":{"line":271,"column":5}},{"start":{"line":269,"column":4},"end":{"line":271,"column":5}}],"line":269},"26":{"loc":{"start":{"line":281,"column":4},"end":{"line":283,"column":5}},"type":"if","locations":[{"start":{"line":281,"column":4},"end":{"line":283,"column":5}},{"start":{"line":281,"column":4},"end":{"line":283,"column":5}}],"line":281},"27":{"loc":{"start":{"line":310,"column":4},"end":{"line":312,"column":5}},"type":"if","locations":[{"start":{"line":310,"column":4},"end":{"line":312,"column":5}},{"start":{"line":310,"column":4},"end":{"line":312,"column":5}}],"line":310}},"s":{"0":4,"1":15,"2":4,"3":0,"4":1,"5":10,"6":4,"7":29,"8":29,"9":28,"10":1,"11":4,"12":27,"13":27,"14":4,"15":398,"16":4,"17":0,"18":4,"19":622,"20":4,"21":20,"22":4,"23":61,"24":4,"25":10,"26":4,"27":11,"28":4,"29":15,"30":4,"31":6,"32":4,"33":3,"34":1,"35":2,"36":1,"37":1,"38":1,"39":4,"40":2,"41":0,"42":2,"43":2,"44":4,"45":29,"46":26,"47":3,"48":3,"49":3,"50":3,"51":3,"52":0,"53":4,"54":231,"55":4,"56":139,"57":131,"58":229,"59":211,"60":8,"61":8,"62":8,"63":24,"64":4,"65":114,"66":1,"67":113,"68":190,"69":113,"70":4,"71":22,"72":22,"73":22,"74":22,"75":47,"76":47,"77":4,"78":43,"79":43,"80":22,"81":4,"82":8,"83":1,"84":7,"85":7,"86":7,"87":7,"88":4,"89":2,"90":2,"91":0,"92":2,"93":2,"94":1,"95":2,"96":2,"97":1,"98":1,"99":1,"100":2,"101":2,"102":8,"103":8,"104":8,"105":8,"106":2,"107":4,"108":2,"109":2,"110":2,"111":2,"112":2,"113":2,"114":2,"115":2,"116":2,"117":2,"118":1,"119":1,"120":1,"121":1,"122":2,"123":4,"124":118,"125":118,"126":118,"127":118,"128":118,"129":107,"130":4,"131":6,"132":1,"133":5,"134":5,"135":6,"136":6,"137":0,"138":5,"139":4,"140":13,"141":13,"142":1,"143":12,"144":4,"145":12,"146":12,"147":4,"148":11,"149":11,"150":4,"151":10,"152":10,"153":4,"154":9,"155":9},"f":{"0":15,"1":29,"2":27,"3":398,"4":0,"5":622,"6":20,"7":61,"8":10,"9":11,"10":15,"11":6,"12":3,"13":2,"14":29,"15":231,"16":139,"17":114,"18":190,"19":22,"20":8,"21":2,"22":2,"23":118,"24":6,"25":13,"26":12,"27":11,"28":10,"29":9},"b":{"0":[4,0,1,10],"1":[27,27],"2":[1,2],"3":[1,0],"4":[0,2],"5":[26,3],"6":[131,8],"7":[211,18],"8":[8,0],"9":[1,113],"10":[4,43],"11":[43,0],"12":[43,43],"13":[1,7],"14":[7,4],"15":[7,7],"16":[0,2],"17":[2,2],"18":[1,1],"19":[1,1],"20":[2,1],"21":[8,0],"22":[3,2],"23":[1,1],"24":[2,2,1],"25":[107,11],"26":[1,5],"27":[1,12]},"_coverageSchema":"332fd63041d2c1bcb487cc26dd0d5f7d97098a6c","hash":"ae8c613812e1081c11f9bcc657059b9a4e9bb499"}
}
