TN:
SF:/Users/rib_pan/workspace/verify/corona-web-sdk/src/config.js
FNF:0
FNH:0
DA:8,2
LF:1
LH:1
BRF:0
BRH:0
end_of_record
TN:
SF:/Users/rib_pan/workspace/verify/corona-web-sdk/src/console.js
FN:9,(anonymous_0)
FN:20,(anonymous_1)
FNF:2
FNH:2
FNDA:28,(anonymous_0)
FNDA:3,(anonymous_1)
DA:9,3
DA:10,28
DA:11,28
DA:13,28
DA:14,1
DA:17,27
DA:20,27
DA:21,3
DA:22,3
DA:30,3
DA:31,1
DA:33,1
DA:34,1
DA:35,1
DA:38,2
DA:41,1
DA:44,1
LF:17
LH:17
BRDA:13,0,0,1
BRDA:13,0,1,27
BRDA:17,1,0,9
BRDA:17,1,1,18
BRDA:30,2,0,1
BRDA:30,2,1,2
BRDA:31,3,0,1
BRDA:31,3,1,0
BRDA:33,4,0,1
BRDA:33,4,1,1
BRDA:35,5,0,1
BRDA:35,5,1,1
BRDA:38,6,0,2
BRDA:38,6,1,2
BRDA:41,7,0,1
BRDA:41,7,1,0
BRF:16
BRH:14
end_of_record
TN:
SF:/Users/rib_pan/workspace/verify/corona-web-sdk/src/core.js
FN:32,(anonymous_0)
FN:45,(anonymous_1)
FN:76,(anonymous_2)
FN:150,(anonymous_3)
FN:164,(anonymous_4)
FN:224,(anonymous_5)
FN:251,(anonymous_6)
FN:266,(anonymous_7)
FN:278,(anonymous_8)
FN:290,(anonymous_9)
FN:302,(anonymous_10)
FN:316,(anonymous_11)
FN:354,wrapped
FN:408,(anonymous_13)
FN:462,(anonymous_14)
FN:504,(anonymous_15)
FN:522,(anonymous_16)
FN:535,(anonymous_17)
FN:538,(anonymous_18)
FN:550,(anonymous_19)
FN:552,(anonymous_20)
FN:586,(anonymous_21)
FN:614,(anonymous_22)
FN:618,(anonymous_23)
FN:630,(anonymous_24)
FN:635,wrapTimeFn
FN:636,(anonymous_26)
FN:655,wrapEventTarget
FN:661,(anonymous_28)
FN:661,(anonymous_29)
FN:684,(anonymous_30)
FN:719,(anonymous_31)
FN:719,(anonymous_32)
FN:738,(anonymous_33)
FN:738,(anonymous_34)
FN:790,(anonymous_35)
FN:796,wrapProp
FN:798,(anonymous_37)
FN:807,(anonymous_38)
FN:807,(anonymous_39)
FN:826,(anonymous_40)
FN:826,(anonymous_41)
FN:830,onreadystatechangeHandler
FN:857,(anonymous_43)
FN:875,(anonymous_44)
FN:875,(anonymous_45)
FN:914,(anonymous_46)
FN:949,(anonymous_47)
FN:959,(anonymous_48)
FN:962,(anonymous_49)
FN:981,(anonymous_50)
FN:989,(anonymous_51)
FN:995,(anonymous_52)
FN:1002,(anonymous_53)
FN:1010,(anonymous_54)
FN:1025,(anonymous_55)
FN:1058,(anonymous_56)
FN:1073,(anonymous_57)
FN:1111,(anonymous_58)
FN:1127,(anonymous_59)
FN:1145,(anonymous_60)
FN:1156,(anonymous_61)
FN:1168,(anonymous_62)
FN:1194,(anonymous_63)
FN:1209,(anonymous_64)
FNF:65
FNH:49
FNDA:83,(anonymous_0)
FNDA:21,(anonymous_1)
FNDA:32,(anonymous_2)
FNDA:23,(anonymous_3)
FNDA:18,(anonymous_4)
FNDA:22,(anonymous_5)
FNDA:21,(anonymous_6)
FNDA:0,(anonymous_7)
FNDA:0,(anonymous_8)
FNDA:0,(anonymous_9)
FNDA:1,(anonymous_10)
FNDA:193,(anonymous_11)
FNDA:9,wrapped
FNDA:11,(anonymous_13)
FNDA:16,(anonymous_14)
FNDA:19,(anonymous_15)
FNDA:34,(anonymous_16)
FNDA:1,(anonymous_17)
FNDA:0,(anonymous_18)
FNDA:156,(anonymous_19)
FNDA:2,(anonymous_20)
FNDA:2,(anonymous_21)
FNDA:22,(anonymous_22)
FNDA:0,(anonymous_23)
FNDA:21,(anonymous_24)
FNDA:42,wrapTimeFn
FNDA:7,(anonymous_26)
FNDA:609,wrapEventTarget
FNDA:10,(anonymous_28)
FNDA:163,(anonymous_29)
FNDA:1,(anonymous_30)
FNDA:10,(anonymous_31)
FNDA:0,(anonymous_32)
FNDA:10,(anonymous_33)
FNDA:0,(anonymous_34)
FNDA:19,(anonymous_35)
FNDA:33,wrapProp
FNDA:0,(anonymous_37)
FNDA:8,(anonymous_38)
FNDA:11,(anonymous_39)
FNDA:8,(anonymous_40)
FNDA:11,(anonymous_41)
FNDA:0,onreadystatechangeHandler
FNDA:11,(anonymous_43)
FNDA:2,(anonymous_44)
FNDA:1,(anonymous_45)
FNDA:0,(anonymous_46)
FNDA:0,(anonymous_47)
FNDA:16,(anonymous_48)
FNDA:0,(anonymous_49)
FNDA:0,(anonymous_50)
FNDA:24,(anonymous_51)
FNDA:2,(anonymous_52)
FNDA:4,(anonymous_53)
FNDA:4,(anonymous_54)
FNDA:19,(anonymous_55)
FNDA:10,(anonymous_56)
FNDA:19,(anonymous_57)
FNDA:12,(anonymous_58)
FNDA:9,(anonymous_59)
FNDA:0,(anonymous_60)
FNDA:0,(anonymous_61)
FNDA:8,(anonymous_62)
FNDA:0,(anonymous_63)
FNDA:1,(anonymous_64)
DA:12,2
DA:13,2
DA:14,2
DA:15,2
DA:16,2
DA:17,2
DA:18,2
DA:19,2
DA:20,2
DA:21,2
DA:22,2
DA:23,2
DA:24,2
DA:25,2
DA:26,2
DA:27,2
DA:28,2
DA:29,2
DA:32,83
DA:34,2
DA:35,2
DA:40,2
DA:41,2
DA:42,2
DA:45,2
DA:46,21
DA:47,8
DA:50,13
DA:51,1
DA:54,12
DA:55,1
DA:58,11
DA:59,1
DA:62,10
DA:63,1
DA:66,9
DA:67,1
DA:70,8
DA:78,32
DA:79,32
DA:80,32
DA:81,32
DA:82,32
DA:83,32
DA:84,32
DA:85,32
DA:94,32
DA:95,32
DA:104,32
DA:105,32
DA:106,32
DA:109,32
DA:110,32
DA:111,32
DA:112,32
DA:113,32
DA:114,32
DA:115,32
DA:116,32
DA:117,32
DA:127,32
DA:138,32
DA:139,504
DA:151,23
DA:153,23
DA:154,1
DA:156,22
DA:157,1
DA:160,21
DA:163,21
DA:164,17
DA:165,18
DA:169,21
DA:173,21
DA:174,21
DA:177,21
DA:178,21
DA:183,21
DA:191,21
DA:192,21
DA:193,1
DA:194,20
DA:195,13
DA:196,7
DA:197,6
DA:199,21
DA:201,21
DA:205,21
DA:206,21
DA:207,1
DA:208,20
DA:209,20
DA:211,21
DA:214,21
DA:225,22
DA:226,22
DA:230,21
DA:232,21
DA:233,21
DA:236,21
DA:237,19
DA:240,21
DA:243,22
DA:252,21
DA:253,21
DA:254,21
DA:256,21
DA:257,21
DA:267,0
DA:269,0
DA:279,0
DA:281,0
DA:291,0
DA:293,0
DA:303,1
DA:305,1
DA:317,193
DA:321,193
DA:322,1
DA:326,192
DA:327,183
DA:328,183
DA:333,192
DA:334,9
DA:338,183
DA:339,183
DA:340,147
DA:344,36
DA:345,1
DA:351,0
DA:355,9
DA:356,9
DA:357,9
DA:359,9
DA:360,1
DA:365,9
DA:366,9
DA:369,9
DA:374,9
DA:376,0
DA:377,0
DA:378,0
DA:379,0
DA:384,35
DA:385,1
DA:386,1
DA:389,35
DA:391,35
DA:394,35
DA:395,35
DA:397,35
DA:409,11
DA:411,11
DA:412,11
DA:413,11
DA:415,11
DA:416,8
DA:427,3
DA:428,0
DA:432,3
DA:433,3
DA:434,0
DA:435,3
DA:436,2
DA:437,1
DA:438,0
DA:441,3
DA:442,3
DA:444,3
DA:447,3
DA:448,3
DA:449,3
DA:451,3
DA:466,16
DA:470,1
DA:473,15
DA:474,15
DA:478,15
DA:479,0
DA:480,15
DA:481,10
DA:482,5
DA:483,0
DA:486,15
DA:487,4
DA:490,15
DA:491,15
DA:493,15
DA:496,15
DA:497,15
DA:499,15
DA:501,15
DA:505,19
DA:509,19
DA:510,19
DA:511,5
DA:514,19
DA:523,34
DA:524,2
DA:525,2
DA:527,2
DA:529,32
DA:536,1
DA:537,1
DA:538,1
DA:540,0
DA:551,156
DA:552,156
DA:556,2
DA:557,1
DA:560,1
DA:567,1
DA:568,1
DA:570,0
DA:573,1
DA:587,2
DA:588,2
DA:589,2
DA:594,2
DA:598,2
DA:599,0
DA:601,2
DA:602,0
DA:605,2
DA:615,22
DA:616,22
DA:618,22
DA:619,0
DA:620,0
DA:622,0
DA:631,21
DA:633,21
DA:636,42
DA:640,7
DA:641,7
DA:642,9
DA:644,7
DA:645,7
DA:646,7
DA:649,7
DA:653,21
DA:656,609
DA:657,609
DA:658,10
DA:661,10
DA:663,163
DA:664,163
DA:665,0
DA:676,163
DA:683,135
DA:684,135
DA:688,1
DA:689,0
DA:693,1
DA:694,1
DA:698,0
DA:700,1
DA:701,0
DA:703,1
DA:706,163
DA:716,10
DA:719,10
DA:720,0
DA:721,0
DA:725,0
DA:732,21
DA:733,21
DA:734,21
DA:735,10
DA:738,10
DA:745,21
DA:776,21
DA:777,609
DA:791,19
DA:792,19
DA:794,19
DA:797,33
DA:798,0
DA:802,19
DA:803,8
DA:804,8
DA:807,8
DA:810,11
DA:811,11
DA:818,11
DA:823,8
DA:826,8
DA:828,11
DA:831,0
DA:832,0
DA:835,0
DA:840,0
DA:848,11
DA:849,11
DA:850,33
DA:853,11
DA:854,11
DA:857,11
DA:862,0
DA:865,11
DA:871,19
DA:872,2
DA:875,2
DA:879,1
DA:880,1
DA:881,2
DA:884,1
DA:885,1
DA:888,1
DA:889,1
DA:890,0
DA:891,0
DA:892,0
DA:893,0
DA:896,0
DA:900,1
DA:901,1
DA:904,0
DA:905,0
DA:908,0
DA:914,0
DA:915,0
DA:917,0
DA:923,0
DA:932,19
DA:933,19
DA:940,19
DA:941,19
DA:942,19
DA:946,19
DA:948,8
DA:949,8
DA:950,0
DA:951,0
DA:953,0
DA:954,0
DA:956,0
DA:959,8
DA:962,16
DA:963,0
DA:966,0
DA:968,0
DA:971,0
DA:975,8
DA:976,8
DA:979,19
DA:981,8
DA:982,0
DA:989,8
DA:990,24
DA:997,2
DA:998,1
DA:1003,4
DA:1011,4
DA:1013,4
DA:1018,0
DA:1021,4
DA:1026,19
DA:1027,0
DA:1029,19
DA:1031,19
DA:1032,19
DA:1038,19
DA:1039,19
DA:1042,19
DA:1043,0
DA:1046,19
DA:1059,10
DA:1062,10
DA:1063,10
DA:1065,10
DA:1066,1
DA:1068,9
DA:1070,9
DA:1074,19
DA:1075,19
DA:1077,19
DA:1079,19
DA:1080,19
DA:1083,19
DA:1084,1
DA:1087,19
DA:1088,19
DA:1089,19
DA:1095,19
DA:1099,19
DA:1100,7
DA:1102,12
DA:1103,12
DA:1104,12
DA:1107,0
DA:1112,12
DA:1114,12
DA:1115,3
DA:1118,9
DA:1120,9
DA:1128,9
DA:1130,9
DA:1132,9
DA:1133,0
DA:1135,9
DA:1137,9
DA:1138,1
DA:1140,1
DA:1141,1
DA:1143,1
DA:1146,0
DA:1147,0
DA:1149,0
DA:1152,0
DA:1153,0
DA:1157,0
DA:1162,8
DA:1163,8
DA:1164,0
DA:1167,8
DA:1168,8
DA:1169,8
DA:1170,8
DA:1171,0
DA:1173,0
DA:1174,0
DA:1175,0
DA:1176,0
DA:1177,0
DA:1179,0
DA:1181,8
DA:1184,0
DA:1187,0
DA:1190,0
DA:1191,0
DA:1193,0
DA:1194,0
DA:1195,0
DA:1196,0
DA:1197,0
DA:1202,8
DA:1203,8
DA:1204,8
DA:1205,8
DA:1210,1
DA:1212,1
DA:1214,2
DA:1215,2
DA:1216,2
DA:1220,1
LF:446
LH:360
BRDA:42,0,0,2
BRDA:42,0,1,0
BRDA:46,1,0,8
BRDA:46,1,1,13
BRDA:46,2,0,21
BRDA:46,2,1,20
BRDA:50,3,0,1
BRDA:50,3,1,12
BRDA:54,4,0,1
BRDA:54,4,1,11
BRDA:58,5,0,1
BRDA:58,5,1,10
BRDA:62,6,0,1
BRDA:62,6,1,9
BRDA:66,7,0,1
BRDA:66,7,1,8
BRDA:109,8,0,32
BRDA:109,8,1,11
BRDA:116,9,0,32
BRDA:116,9,1,32
BRDA:153,10,0,1
BRDA:153,10,1,22
BRDA:156,11,0,1
BRDA:156,11,1,21
BRDA:163,12,0,17
BRDA:163,12,1,4
BRDA:180,13,0,21
BRDA:180,13,1,0
BRDA:192,14,0,1
BRDA:192,14,1,20
BRDA:194,15,0,13
BRDA:194,15,1,7
BRDA:196,16,0,6
BRDA:196,16,1,1
BRDA:206,17,0,1
BRDA:206,17,1,20
BRDA:208,18,0,20
BRDA:208,18,1,0
BRDA:226,19,0,21
BRDA:226,19,1,1
BRDA:226,20,0,22
BRDA:226,20,1,22
BRDA:232,21,0,21
BRDA:232,21,1,0
BRDA:232,22,0,21
BRDA:232,22,1,21
BRDA:236,23,0,19
BRDA:236,23,1,2
BRDA:321,24,0,1
BRDA:321,24,1,192
BRDA:321,25,0,193
BRDA:321,25,1,182
BRDA:326,26,0,183
BRDA:326,26,1,9
BRDA:333,27,0,9
BRDA:333,27,1,183
BRDA:339,28,0,147
BRDA:339,28,1,36
BRDA:344,29,0,1
BRDA:344,29,1,35
BRDA:357,30,0,9
BRDA:357,30,1,0
BRDA:357,30,2,0
BRDA:359,31,0,1
BRDA:359,31,1,8
BRDA:359,32,0,9
BRDA:359,32,1,1
BRDA:366,33,0,9
BRDA:366,33,1,0
BRDA:385,34,0,1
BRDA:385,34,1,0
BRDA:409,35,0,11
BRDA:409,35,1,1
BRDA:413,36,0,11
BRDA:413,36,1,1
BRDA:415,37,0,8
BRDA:415,37,1,3
BRDA:415,38,0,11
BRDA:415,38,1,8
BRDA:415,38,2,4
BRDA:427,39,0,0
BRDA:427,39,1,3
BRDA:433,40,0,0
BRDA:433,40,1,3
BRDA:433,41,0,3
BRDA:433,41,1,2
BRDA:435,42,0,2
BRDA:435,42,1,1
BRDA:437,43,0,0
BRDA:437,43,1,1
BRDA:444,44,0,3
BRDA:444,44,1,3
BRDA:444,44,2,3
BRDA:447,45,0,3
BRDA:447,45,1,3
BRDA:447,45,2,0
BRDA:466,46,0,1
BRDA:466,46,1,15
BRDA:467,47,0,16
BRDA:467,47,1,15
BRDA:473,48,0,15
BRDA:473,48,1,1
BRDA:478,49,0,0
BRDA:478,49,1,15
BRDA:478,50,0,15
BRDA:478,50,1,10
BRDA:480,51,0,10
BRDA:480,51,1,5
BRDA:482,52,0,0
BRDA:482,52,1,5
BRDA:486,53,0,4
BRDA:486,53,1,11
BRDA:491,54,0,15
BRDA:491,54,1,2
BRDA:493,55,0,15
BRDA:493,55,1,15
BRDA:493,55,2,15
BRDA:496,56,0,15
BRDA:496,56,1,15
BRDA:496,56,2,0
BRDA:510,57,0,5
BRDA:510,57,1,14
BRDA:523,58,0,2
BRDA:523,58,1,32
BRDA:524,59,0,2
BRDA:524,59,1,0
BRDA:556,60,0,1
BRDA:556,60,1,1
BRDA:598,61,0,0
BRDA:598,61,1,2
BRDA:598,62,0,2
BRDA:598,62,1,2
BRDA:601,63,0,0
BRDA:601,63,1,2
BRDA:601,64,0,2
BRDA:601,64,1,2
BRDA:619,65,0,0
BRDA:619,65,1,0
BRDA:619,66,0,0
BRDA:619,66,1,0
BRDA:645,67,0,7
BRDA:645,67,1,0
BRDA:656,68,0,609
BRDA:656,68,1,100
BRDA:657,69,0,10
BRDA:657,69,1,599
BRDA:657,70,0,609
BRDA:657,70,1,100
BRDA:657,70,2,100
BRDA:664,71,0,0
BRDA:664,71,1,163
BRDA:664,72,0,163
BRDA:664,72,1,163
BRDA:676,73,0,135
BRDA:676,73,1,28
BRDA:677,74,0,163
BRDA:677,74,1,135
BRDA:677,74,2,135
BRDA:677,74,3,0
BRDA:688,75,0,0
BRDA:688,75,1,1
BRDA:700,76,0,0
BRDA:700,76,1,1
BRDA:721,77,0,0
BRDA:721,77,1,0
BRDA:721,78,0,0
BRDA:721,78,1,0
BRDA:734,79,0,10
BRDA:734,79,1,11
BRDA:797,80,0,0
BRDA:797,80,1,33
BRDA:797,81,0,33
BRDA:797,81,1,33
BRDA:802,82,0,8
BRDA:802,82,1,11
BRDA:802,83,0,19
BRDA:802,83,1,19
BRDA:810,84,0,11
BRDA:810,84,1,0
BRDA:810,85,0,11
BRDA:810,85,1,11
BRDA:831,86,0,0
BRDA:831,86,1,0
BRDA:831,87,0,0
BRDA:831,87,1,0
BRDA:853,88,0,11
BRDA:853,88,1,0
BRDA:853,89,0,11
BRDA:853,89,1,11
BRDA:871,90,0,2
BRDA:871,90,1,17
BRDA:871,91,0,19
BRDA:871,91,1,19
BRDA:888,92,0,1
BRDA:888,92,1,0
BRDA:890,93,0,0
BRDA:890,93,1,0
BRDA:890,94,0,0
BRDA:890,94,1,0
BRDA:892,95,0,0
BRDA:892,95,1,0
BRDA:900,96,0,1
BRDA:900,96,1,0
BRDA:904,97,0,0
BRDA:904,97,1,0
BRDA:904,98,0,0
BRDA:904,98,1,0
BRDA:932,99,0,19
BRDA:932,99,1,0
BRDA:932,100,0,19
BRDA:932,100,1,19
BRDA:941,101,0,19
BRDA:941,101,1,0
BRDA:941,101,2,0
BRDA:942,102,0,19
BRDA:942,102,1,19
BRDA:942,102,2,8
BRDA:942,102,3,8
BRDA:946,103,0,8
BRDA:946,103,1,11
BRDA:946,104,0,19
BRDA:946,104,1,19
BRDA:953,105,0,0
BRDA:953,105,1,0
BRDA:963,106,0,0
BRDA:963,106,1,0
BRDA:966,107,0,0
BRDA:966,107,1,0
BRDA:979,108,0,8
BRDA:979,108,1,11
BRDA:979,109,0,19
BRDA:979,109,1,19
BRDA:979,109,2,8
BRDA:997,110,0,1
BRDA:997,110,1,1
BRDA:1011,111,0,3
BRDA:1011,111,1,1
BRDA:1011,112,0,4
BRDA:1011,112,1,1
BRDA:1013,113,0,0
BRDA:1013,113,1,4
BRDA:1014,114,0,4
BRDA:1014,114,1,3
BRDA:1014,114,2,3
BRDA:1026,115,0,0
BRDA:1026,115,1,19
BRDA:1026,116,0,19
BRDA:1026,116,1,0
BRDA:1031,117,0,19
BRDA:1031,117,1,0
BRDA:1031,118,0,19
BRDA:1031,118,1,19
BRDA:1038,119,0,19
BRDA:1038,119,1,0
BRDA:1038,120,0,19
BRDA:1038,120,1,19
BRDA:1042,121,0,0
BRDA:1042,121,1,19
BRDA:1042,122,0,19
BRDA:1042,122,1,19
BRDA:1065,123,0,1
BRDA:1065,123,1,9
BRDA:1079,124,0,19
BRDA:1079,124,1,0
BRDA:1083,125,0,1
BRDA:1083,125,1,18
BRDA:1083,126,0,19
BRDA:1083,126,1,19
BRDA:1099,127,0,7
BRDA:1099,127,1,12
BRDA:1099,128,0,19
BRDA:1099,128,1,16
BRDA:1099,128,2,16
BRDA:1102,129,0,12
BRDA:1102,129,1,0
BRDA:1103,130,0,12
BRDA:1103,130,1,0
BRDA:1114,131,0,3
BRDA:1114,131,1,9
BRDA:1114,132,0,12
BRDA:1114,132,1,10
BRDA:1132,133,0,0
BRDA:1132,133,1,9
BRDA:1137,134,0,1
BRDA:1137,134,1,8
BRDA:1146,135,0,0
BRDA:1146,135,1,0
BRDA:1147,136,0,0
BRDA:1147,136,1,0
BRDA:1153,137,0,0
BRDA:1153,137,1,0
BRDA:1157,138,0,0
BRDA:1157,138,1,0
BRDA:1162,139,0,8
BRDA:1162,139,1,8
BRDA:1163,140,0,0
BRDA:1163,140,1,8
BRDA:1167,141,0,8
BRDA:1167,141,1,0
BRDA:1169,142,0,8
BRDA:1169,142,1,0
BRDA:1171,143,0,0
BRDA:1171,143,1,0
BRDA:1173,144,0,0
BRDA:1173,144,1,0
BRDA:1174,145,0,0
BRDA:1174,145,1,0
BRDA:1190,146,0,0
BRDA:1190,146,1,0
BRDA:1193,147,0,0
BRDA:1193,147,1,0
BRDA:1214,148,0,2
BRDA:1214,148,1,0
BRDA:1216,149,0,1
BRDA:1216,149,1,1
BRF:315
BRH:224
end_of_record
TN:
SF:/Users/rib_pan/workspace/verify/corona-web-sdk/src/index.js
FN:24,(anonymous_0)
FN:44,(anonymous_1)
FN:60,(anonymous_2)
FN:74,(anonymous_3)
FN:87,(anonymous_4)
FN:100,(anonymous_5)
FN:113,(anonymous_6)
FN:126,(anonymous_7)
FN:154,(anonymous_8)
FN:183,(anonymous_9)
FN:238,(anonymous_10)
FN:278,(anonymous_11)
FN:292,(anonymous_12)
FN:300,(anonymous_13)
FN:320,(anonymous_14)
FN:332,(anonymous_15)
FN:336,(anonymous_16)
FN:341,(anonymous_17)
FNF:18
FNH:10
FNDA:1,(anonymous_0)
FNDA:0,(anonymous_1)
FNDA:6,(anonymous_2)
FNDA:0,(anonymous_3)
FNDA:0,(anonymous_4)
FNDA:0,(anonymous_5)
FNDA:0,(anonymous_6)
FNDA:3,(anonymous_7)
FNDA:3,(anonymous_8)
FNDA:10,(anonymous_9)
FNDA:3,(anonymous_10)
FNDA:3,(anonymous_11)
FNDA:2,(anonymous_12)
FNDA:6,(anonymous_13)
FNDA:3,(anonymous_14)
FNDA:0,(anonymous_15)
FNDA:0,(anonymous_16)
FNDA:0,(anonymous_17)
DA:17,1
DA:18,1
DA:24,1
DA:25,1
DA:26,0
DA:28,1
DA:29,1
DA:30,1
DA:31,1
DA:32,1
DA:33,1
DA:34,1
DA:35,1
DA:36,1
DA:37,1
DA:44,1
DA:45,0
DA:46,0
DA:48,0
DA:50,0
DA:51,0
DA:53,0
DA:60,1
DA:61,6
DA:62,0
DA:64,6
DA:65,0
DA:67,6
DA:74,1
DA:75,0
DA:77,0
DA:79,0
DA:87,1
DA:88,0
DA:90,0
DA:92,0
DA:100,1
DA:101,0
DA:103,0
DA:105,0
DA:113,1
DA:114,0
DA:116,0
DA:118,0
DA:126,1
DA:128,3
DA:134,3
DA:135,1
DA:136,2
DA:137,1
DA:139,1
DA:140,1
DA:141,1
DA:142,1
DA:145,3
DA:147,3
DA:154,1
DA:156,3
DA:162,3
DA:163,1
DA:164,2
DA:165,1
DA:167,1
DA:168,1
DA:169,1
DA:170,1
DA:173,3
DA:175,3
DA:183,1
DA:186,10
DA:188,10
DA:189,6
DA:190,4
DA:191,2
DA:193,2
DA:195,10
DA:200,10
DA:202,10
DA:203,3
DA:204,7
DA:206,3
DA:208,2
DA:209,2
DA:212,3
DA:214,4
DA:215,4
DA:216,4
DA:217,2
DA:222,10
DA:223,2
DA:224,1
DA:226,1
DA:229,10
DA:231,10
DA:238,1
DA:240,3
DA:241,1
DA:242,1
DA:244,2
DA:245,0
DA:250,2
DA:251,0
DA:256,2
DA:257,0
DA:262,2
DA:263,1
DA:265,1
DA:266,1
DA:268,1
DA:278,1
DA:280,3
DA:281,1
DA:283,2
DA:284,2
DA:292,1
DA:294,2
DA:297,1
DA:300,1
DA:301,6
DA:302,3
DA:304,6
DA:305,3
DA:309,1
DA:320,1
DA:321,3
DA:323,1
DA:324,1
DA:326,2
DA:327,2
DA:328,2
DA:332,2
DA:333,0
DA:336,2
DA:337,0
DA:339,2
DA:341,2
DA:343,0
DA:344,0
DA:347,2
DA:359,1
LF:140
LH:112
BRDA:25,0,0,0
BRDA:25,0,1,1
BRDA:45,1,0,0
BRDA:45,1,1,0
BRDA:61,2,0,0
BRDA:61,2,1,6
BRDA:64,3,0,0
BRDA:64,3,1,6
BRDA:75,4,0,0
BRDA:75,4,1,0
BRDA:88,5,0,0
BRDA:88,5,1,0
BRDA:101,6,0,0
BRDA:101,6,1,0
BRDA:101,7,0,0
BRDA:101,7,1,0
BRDA:114,8,0,0
BRDA:114,8,1,0
BRDA:134,9,0,1
BRDA:134,9,1,2
BRDA:136,10,0,1
BRDA:136,10,1,1
BRDA:141,11,0,1
BRDA:141,11,1,0
BRDA:142,12,0,0
BRDA:142,12,1,1
BRDA:145,13,0,3
BRDA:145,13,1,1
BRDA:162,14,0,1
BRDA:162,14,1,2
BRDA:164,15,0,1
BRDA:164,15,1,1
BRDA:169,16,0,1
BRDA:169,16,1,0
BRDA:170,17,0,0
BRDA:170,17,1,1
BRDA:173,18,0,3
BRDA:173,18,1,1
BRDA:188,19,0,6
BRDA:188,19,1,4
BRDA:190,20,0,2
BRDA:190,20,1,2
BRDA:202,21,0,3
BRDA:202,21,1,7
BRDA:204,22,0,3
BRDA:204,22,1,4
BRDA:208,23,0,2
BRDA:208,23,1,0
BRDA:216,24,0,2
BRDA:216,24,1,2
BRDA:217,25,0,0
BRDA:217,25,1,2
BRDA:222,26,0,2
BRDA:222,26,1,8
BRDA:223,27,0,1
BRDA:223,27,1,1
BRDA:229,28,0,10
BRDA:229,28,1,2
BRDA:240,29,0,1
BRDA:240,29,1,2
BRDA:244,30,0,0
BRDA:244,30,1,2
BRDA:250,31,0,0
BRDA:250,31,1,2
BRDA:256,32,0,0
BRDA:256,32,1,2
BRDA:262,33,0,1
BRDA:262,33,1,1
BRDA:263,34,0,1
BRDA:263,34,1,0
BRDA:263,34,2,1
BRDA:280,35,0,1
BRDA:280,35,1,2
BRDA:280,36,0,3
BRDA:280,36,1,3
BRDA:283,37,0,2
BRDA:283,37,1,0
BRDA:294,38,0,1
BRDA:294,38,1,1
BRDA:294,39,0,2
BRDA:294,39,1,1
BRDA:294,39,2,1
BRDA:301,40,0,3
BRDA:301,40,1,3
BRDA:304,41,0,3
BRDA:304,41,1,3
BRDA:321,42,0,1
BRDA:321,42,1,2
BRDA:326,43,0,2
BRDA:326,43,1,0
BRDA:327,44,0,2
BRDA:327,44,1,2
BRF:92
BRH:65
end_of_record
TN:
SF:/Users/rib_pan/workspace/verify/corona-web-sdk/src/polymorphic.js
FN:7,(anonymous_0)
FNF:1
FNH:1
FNDA:1,(anonymous_0)
DA:7,1
DA:8,1
DA:9,0
DA:13,0
DA:16,1
LF:5
LH:3
BRDA:8,0,0,0
BRDA:8,0,1,1
BRDA:8,1,0,1
BRDA:8,1,1,1
BRF:4
BRH:3
end_of_record
TN:
SF:/Users/rib_pan/workspace/verify/corona-web-sdk/src/safestr.js
FN:12,indexOf
FN:19,stringify
FN:24,stringifyError
FN:41,serializer
FN:46,(anonymous_4)
FN:54,(anonymous_5)
FNF:6
FNH:6
FNDA:704,indexOf
FNDA:42,stringify
FNDA:1,stringifyError
FNDA:42,serializer
FNDA:1,(anonymous_4)
FNDA:394,(anonymous_5)
DA:13,704
DA:14,1947
DA:16,418
DA:20,42
DA:25,1
DA:32,1
DA:33,1
DA:34,1
DA:38,1
DA:42,42
DA:43,42
DA:45,42
DA:46,42
DA:47,1
DA:48,1
DA:50,0
DA:54,42
DA:55,394
DA:56,352
DA:57,352
DA:58,352
DA:60,352
DA:61,1
DA:64,42
DA:67,394
LF:25
LH:24
BRDA:14,0,0,286
BRDA:14,0,1,1661
BRDA:33,1,0,1
BRDA:33,1,1,0
BRDA:45,2,0,42
BRDA:45,2,1,0
BRDA:47,3,0,1
BRDA:47,3,1,0
BRDA:55,4,0,352
BRDA:55,4,1,42
BRDA:57,5,0,285
BRDA:57,5,1,67
BRDA:58,6,0,285
BRDA:58,6,1,67
BRDA:60,7,0,1
BRDA:60,7,1,351
BRDA:67,8,0,394
BRDA:67,8,1,0
BRDA:68,9,0,1
BRDA:68,9,1,393
BRF:20
BRH:16
end_of_record
TN:
SF:/Users/rib_pan/workspace/verify/corona-web-sdk/src/utils.js
FN:7,(anonymous_0)
FN:20,(anonymous_1)
FN:29,(anonymous_2)
FN:34,(anonymous_3)
FN:36,(anonymous_4)
FN:38,(anonymous_5)
FN:40,(anonymous_6)
FN:42,(anonymous_7)
FN:44,(anonymous_8)
FN:46,(anonymous_9)
FN:48,(anonymous_10)
FN:50,(anonymous_11)
FN:52,(anonymous_12)
FN:67,(anonymous_13)
FN:77,(anonymous_14)
FN:99,(anonymous_15)
FN:101,(anonymous_16)
FN:121,(anonymous_17)
FN:125,(anonymous_18)
FN:131,(anonymous_19)
FN:157,(anonymous_20)
FN:180,(anonymous_21)
FN:223,(anonymous_22)
FN:262,(anonymous_23)
FN:280,(anonymous_24)
FN:303,(anonymous_25)
FN:321,(anonymous_26)
FN:331,(anonymous_27)
FN:341,(anonymous_28)
FN:351,(anonymous_29)
FNF:30
FNH:29
FNDA:15,(anonymous_0)
FNDA:29,(anonymous_1)
FNDA:27,(anonymous_2)
FNDA:398,(anonymous_3)
FNDA:0,(anonymous_4)
FNDA:622,(anonymous_5)
FNDA:20,(anonymous_6)
FNDA:61,(anonymous_7)
FNDA:10,(anonymous_8)
FNDA:11,(anonymous_9)
FNDA:15,(anonymous_10)
FNDA:6,(anonymous_11)
FNDA:3,(anonymous_12)
FNDA:2,(anonymous_13)
FNDA:29,(anonymous_14)
FNDA:231,(anonymous_15)
FNDA:139,(anonymous_16)
FNDA:114,(anonymous_17)
FNDA:190,(anonymous_18)
FNDA:22,(anonymous_19)
FNDA:8,(anonymous_20)
FNDA:2,(anonymous_21)
FNDA:2,(anonymous_22)
FNDA:118,(anonymous_23)
FNDA:6,(anonymous_24)
FNDA:13,(anonymous_25)
FNDA:12,(anonymous_26)
FNDA:11,(anonymous_27)
FNDA:10,(anonymous_28)
FNDA:9,(anonymous_29)
DA:7,4
DA:8,15
DA:10,4
DA:12,0
DA:14,1
DA:16,10
DA:20,4
DA:21,29
DA:22,29
DA:23,28
DA:25,1
DA:29,4
DA:30,27
DA:31,27
DA:34,398
DA:36,4
DA:38,622
DA:40,20
DA:42,61
DA:44,10
DA:46,11
DA:48,15
DA:50,6
DA:52,4
DA:53,3
DA:54,1
DA:57,2
DA:59,1
DA:60,1
DA:63,1
DA:67,4
DA:68,2
DA:69,0
DA:72,2
DA:73,2
DA:77,4
DA:78,29
DA:79,26
DA:82,3
DA:83,3
DA:84,3
DA:85,3
DA:86,3
DA:88,0
DA:99,231
DA:101,4
DA:105,139
DA:106,131
DA:107,229
DA:108,211
DA:112,8
DA:113,8
DA:114,8
DA:115,24
DA:121,4
DA:122,114
DA:123,1
DA:125,113
DA:126,190
DA:128,113
DA:131,4
DA:134,22
DA:135,22
DA:136,22
DA:139,22
DA:140,47
DA:141,47
DA:144,4
DA:145,43
DA:147,43
DA:151,22
DA:157,4
DA:158,8
DA:159,1
DA:161,7
DA:164,7
DA:165,7
DA:166,7
DA:180,4
DA:181,2
DA:188,2
DA:189,0
DA:192,2
DA:193,2
DA:194,1
DA:198,2
DA:199,2
DA:200,1
DA:201,1
DA:202,1
DA:205,2
DA:206,2
DA:207,8
DA:208,8
DA:209,8
DA:210,8
DA:213,2
DA:223,4
DA:224,2
DA:225,2
DA:226,2
DA:227,2
DA:228,2
DA:229,2
DA:230,2
DA:233,2
DA:234,2
DA:239,2
DA:243,1
DA:246,1
DA:248,1
DA:249,1
DA:252,2
DA:262,4
DA:263,118
DA:264,118
DA:266,118
DA:268,118
DA:269,118
DA:270,107
DA:280,4
DA:281,6
DA:282,1
DA:285,5
DA:287,5
DA:288,6
DA:289,6
DA:291,0
DA:295,5
DA:303,4
DA:304,13
DA:310,13
DA:311,1
DA:313,12
DA:321,4
DA:322,12
DA:323,12
DA:331,4
DA:332,11
DA:333,11
DA:341,4
DA:342,10
DA:343,10
DA:351,4
DA:352,9
DA:353,9
LF:146
LH:141
BRDA:8,0,0,4
BRDA:8,0,1,0
BRDA:8,0,2,1
BRDA:8,0,3,10
BRDA:30,1,0,27
BRDA:30,1,1,27
BRDA:53,2,0,1
BRDA:53,2,1,2
BRDA:59,3,0,1
BRDA:59,3,1,0
BRDA:68,4,0,0
BRDA:68,4,1,2
BRDA:78,5,0,26
BRDA:78,5,1,3
BRDA:105,6,0,131
BRDA:105,6,1,8
BRDA:107,7,0,211
BRDA:107,7,1,18
BRDA:113,8,0,8
BRDA:113,8,1,0
BRDA:122,9,0,1
BRDA:122,9,1,113
BRDA:141,10,0,4
BRDA:141,10,1,43
BRDA:145,11,0,43
BRDA:145,11,1,0
BRDA:145,12,0,43
BRDA:145,12,1,43
BRDA:158,13,0,1
BRDA:158,13,1,7
BRDA:164,14,0,7
BRDA:164,14,1,4
BRDA:165,15,0,7
BRDA:165,15,1,7
BRDA:188,16,0,0
BRDA:188,16,1,2
BRDA:188,17,0,2
BRDA:188,17,1,2
BRDA:193,18,0,1
BRDA:193,18,1,1
BRDA:199,19,0,1
BRDA:199,19,1,1
BRDA:199,20,0,2
BRDA:199,20,1,1
BRDA:209,21,0,8
BRDA:209,21,1,0
BRDA:233,22,0,3
BRDA:233,22,1,2
BRDA:239,23,0,1
BRDA:239,23,1,1
BRDA:240,24,0,2
BRDA:240,24,1,2
BRDA:240,24,2,1
BRDA:269,25,0,107
BRDA:269,25,1,11
BRDA:281,26,0,1
BRDA:281,26,1,5
BRDA:310,27,0,1
BRDA:310,27,1,12
BRF:59
BRH:52
end_of_record
